
========================[ May 1, 2021 12:57 PM ]========================
Version 2.2.26 [Sep-21-2011]
Started database file "/mnt/nasfu2012/home/yjhao/project/CalculationMethod_RNAi/Software/OffTarget_temp/Temp_gene.fa"
FDBFinish: Empty nucleotide database...
SUCCESS: formatted database /mnt/nasfu2012/home/yjhao/project/CalculationMethod_RNAi/Software/OffTarget_temp/Temp_gene.fa

========================[ May 1, 2021 12:57 PM ]========================
Version 2.2.26 [Sep-21-2011]
Started database file "/mnt/nasfu2012/home/yjhao/project/CalculationMethod_RNAi/Software/OffTarget_temp/Temp_gene.fa"
FDBFinish: Empty nucleotide database...
SUCCESS: formatted database /mnt/nasfu2012/home/yjhao/project/CalculationMethod_RNAi/Software/OffTarget_temp/Temp_gene.fa

========================[ May 1, 2021 12:57 PM ]========================
Version 2.2.26 [Sep-21-2011]
Started database file "/mnt/nasfu2012/home/yjhao/project/CalculationMethod_RNAi/Software/OffTarget_temp/Temp_gene.fa"
FDBFinish: Empty nucleotide database...
SUCCESS: formatted database /mnt/nasfu2012/home/yjhao/project/CalculationMethod_RNAi/Software/OffTarget_temp/Temp_gene.fa

========================[ May 1, 2021 12:57 PM ]========================
Version 2.2.26 [Sep-21-2011]
Started database file "/mnt/nasfu2012/home/yjhao/project/CalculationMethod_RNAi/Software/OffTarget_temp/Temp_gene.fa"
FDBFinish: Empty nucleotide database...
SUCCESS: formatted database /mnt/nasfu2012/home/yjhao/project/CalculationMethod_RNAi/Software/OffTarget_temp/Temp_gene.fa

========================[ May 1, 2021 12:57 PM ]========================
Version 2.2.26 [Sep-21-2011]
Started database file "/mnt/nasfu2012/home/yjhao/project/CalculationMethod_RNAi/Software/OffTarget_temp/Temp_gene.fa"
FDBFinish: Empty nucleotide database...
SUCCESS: formatted database /mnt/nasfu2012/home/yjhao/project/CalculationMethod_RNAi/Software/OffTarget_temp/Temp_gene.fa

========================[ May 1, 2021 12:57 PM ]========================
Version 2.2.26 [Sep-21-2011]
Started database file "/mnt/nasfu2012/home/yjhao/project/CalculationMethod_RNAi/Software/OffTarget_temp/Temp_gene.fa"
FDBFinish: Empty nucleotide database...
SUCCESS: formatted database /mnt/nasfu2012/home/yjhao/project/CalculationMethod_RNAi/Software/OffTarget_temp/Temp_gene.fa

========================[ May 1, 2021 12:57 PM ]========================
Version 2.2.26 [Sep-21-2011]
Started database file "/mnt/nasfu2012/home/yjhao/project/CalculationMethod_RNAi/Software/OffTarget_temp/Temp_gene.fa"
FDBFinish: Empty nucleotide database...
SUCCESS: formatted database /mnt/nasfu2012/home/yjhao/project/CalculationMethod_RNAi/Software/OffTarget_temp/Temp_gene.fa

========================[ May 1, 2021 12:57 PM ]========================
Version 2.2.26 [Sep-21-2011]
Started database file "/mnt/nasfu2012/home/yjhao/project/CalculationMethod_RNAi/Software/OffTarget_temp/Temp_gene.fa"
FDBFinish: Empty nucleotide database...
SUCCESS: formatted database /mnt/nasfu2012/home/yjhao/project/CalculationMethod_RNAi/Software/OffTarget_temp/Temp_gene.fa

========================[ May 1, 2021 12:57 PM ]========================
Version 2.2.26 [Sep-21-2011]
Started database file "/mnt/nasfu2012/home/yjhao/project/CalculationMethod_RNAi/Software/OffTarget_temp/Temp_gene.fa"
FDBFinish: Empty nucleotide database...
SUCCESS: formatted database /mnt/nasfu2012/home/yjhao/project/CalculationMethod_RNAi/Software/OffTarget_temp/Temp_gene.fa

========================[ May 1, 2021 12:57 PM ]========================
Version 2.2.26 [Sep-21-2011]
Started database file "/mnt/nasfu2012/home/yjhao/project/CalculationMethod_RNAi/Software/OffTarget_temp/Temp_gene.fa"
FDBFinish: Empty nucleotide database...
SUCCESS: formatted database /mnt/nasfu2012/home/yjhao/project/CalculationMethod_RNAi/Software/OffTarget_temp/Temp_gene.fa

========================[ May 1, 2021 12:57 PM ]========================
Version 2.2.26 [Sep-21-2011]
Started database file "/mnt/nasfu2012/home/yjhao/project/CalculationMethod_RNAi/Software/OffTarget_temp/Temp_gene.fa"
FDBFinish: Empty nucleotide database...
SUCCESS: formatted database /mnt/nasfu2012/home/yjhao/project/CalculationMethod_RNAi/Software/OffTarget_temp/Temp_gene.fa

========================[ May 1, 2021 12:57 PM ]========================
Version 2.2.26 [Sep-21-2011]
Started database file "/mnt/nasfu2012/home/yjhao/project/CalculationMethod_RNAi/Software/OffTarget_temp/Temp_gene.fa"
FDBFinish: Empty nucleotide database...
SUCCESS: formatted database /mnt/nasfu2012/home/yjhao/project/CalculationMethod_RNAi/Software/OffTarget_temp/Temp_gene.fa

========================[ May 1, 2021 12:57 PM ]========================
Version 2.2.26 [Sep-21-2011]
Started database file "/mnt/nasfu2012/home/yjhao/project/CalculationMethod_RNAi/Software/OffTarget_temp/Temp_gene.fa"
FDBFinish: Empty nucleotide database...
SUCCESS: formatted database /mnt/nasfu2012/home/yjhao/project/CalculationMethod_RNAi/Software/OffTarget_temp/Temp_gene.fa

========================[ May 1, 2021 12:58 PM ]========================
Version 2.2.26 [Sep-21-2011]
Started database file "/mnt/nasfu2012/home/yjhao/project/CalculationMethod_RNAi/Software/OffTarget_temp/Temp_gene.fa"
FDBFinish: Empty nucleotide database...
SUCCESS: formatted database /mnt/nasfu2012/home/yjhao/project/CalculationMethod_RNAi/Software/OffTarget_temp/Temp_gene.fa

========================[ May 1, 2021 12:58 PM ]========================
Version 2.2.26 [Sep-21-2011]
Started database file "/mnt/nasfu2012/home/yjhao/project/CalculationMethod_RNAi/Software/OffTarget_temp/Temp_gene.fa"
FDBFinish: Empty nucleotide database...
SUCCESS: formatted database /mnt/nasfu2012/home/yjhao/project/CalculationMethod_RNAi/Software/OffTarget_temp/Temp_gene.fa

========================[ May 1, 2021 12:58 PM ]========================
Version 2.2.26 [Sep-21-2011]
Started database file "/mnt/nasfu2012/home/yjhao/project/CalculationMethod_RNAi/Software/OffTarget_temp/Temp_gene.fa"
FDBFinish: Empty nucleotide database...
SUCCESS: formatted database /mnt/nasfu2012/home/yjhao/project/CalculationMethod_RNAi/Software/OffTarget_temp/Temp_gene.fa

========================[ May 1, 2021 12:58 PM ]========================
Version 2.2.26 [Sep-21-2011]
Started database file "/mnt/nasfu2012/home/yjhao/project/CalculationMethod_RNAi/Software/OffTarget_temp/Temp_gene.fa"
FDBFinish: Empty nucleotide database...
SUCCESS: formatted database /mnt/nasfu2012/home/yjhao/project/CalculationMethod_RNAi/Software/OffTarget_temp/Temp_gene.fa

========================[ May 1, 2021 12:58 PM ]========================
Version 2.2.26 [Sep-21-2011]
Started database file "/mnt/nasfu2012/home/yjhao/project/CalculationMethod_RNAi/Software/OffTarget_temp/Temp_gene.fa"
FDBFinish: Empty nucleotide database...
SUCCESS: formatted database /mnt/nasfu2012/home/yjhao/project/CalculationMethod_RNAi/Software/OffTarget_temp/Temp_gene.fa

========================[ May 1, 2021 12:58 PM ]========================
Version 2.2.26 [Sep-21-2011]
Started database file "/mnt/nasfu2012/home/yjhao/project/CalculationMethod_RNAi/Software/OffTarget_temp/Temp_gene.fa"
FDBFinish: Empty nucleotide database...
SUCCESS: formatted database /mnt/nasfu2012/home/yjhao/project/CalculationMethod_RNAi/Software/OffTarget_temp/Temp_gene.fa

========================[ May 1, 2021 12:58 PM ]========================
Version 2.2.26 [Sep-21-2011]
Started database file "/mnt/nasfu2012/home/yjhao/project/CalculationMethod_RNAi/Software/OffTarget_temp/Temp_gene.fa"
FDBFinish: Empty nucleotide database...
SUCCESS: formatted database /mnt/nasfu2012/home/yjhao/project/CalculationMethod_RNAi/Software/OffTarget_temp/Temp_gene.fa

========================[ May 1, 2021 12:58 PM ]========================
Version 2.2.26 [Sep-21-2011]
Started database file "/mnt/nasfu2012/home/yjhao/project/CalculationMethod_RNAi/Software/OffTarget_temp/Temp_gene.fa"
FDBFinish: Empty nucleotide database...
SUCCESS: formatted database /mnt/nasfu2012/home/yjhao/project/CalculationMethod_RNAi/Software/OffTarget_temp/Temp_gene.fa

========================[ May 1, 2021 12:58 PM ]========================
Version 2.2.26 [Sep-21-2011]
Started database file "/mnt/nasfu2012/home/yjhao/project/CalculationMethod_RNAi/Software/OffTarget_temp/Temp_gene.fa"
FDBFinish: Empty nucleotide database...
SUCCESS: formatted database /mnt/nasfu2012/home/yjhao/project/CalculationMethod_RNAi/Software/OffTarget_temp/Temp_gene.fa

========================[ May 1, 2021 12:58 PM ]========================
Version 2.2.26 [Sep-21-2011]
Started database file "/mnt/nasfu2012/home/yjhao/project/CalculationMethod_RNAi/Software/OffTarget_temp/Temp_gene.fa"
FDBFinish: Empty nucleotide database...
SUCCESS: formatted database /mnt/nasfu2012/home/yjhao/project/CalculationMethod_RNAi/Software/OffTarget_temp/Temp_gene.fa

========================[ May 1, 2021 12:58 PM ]========================
Version 2.2.26 [Sep-21-2011]
Started database file "/mnt/nasfu2012/home/yjhao/project/CalculationMethod_RNAi/Software/OffTarget_temp/Temp_gene.fa"
FDBFinish: Empty nucleotide database...
SUCCESS: formatted database /mnt/nasfu2012/home/yjhao/project/CalculationMethod_RNAi/Software/OffTarget_temp/Temp_gene.fa

========================[ May 1, 2021 12:58 PM ]========================
Version 2.2.26 [Sep-21-2011]
Started database file "/mnt/nasfu2012/home/yjhao/project/CalculationMethod_RNAi/Software/OffTarget_temp/Temp_gene.fa"
FDBFinish: Empty nucleotide database...
SUCCESS: formatted database /mnt/nasfu2012/home/yjhao/project/CalculationMethod_RNAi/Software/OffTarget_temp/Temp_gene.fa

========================[ May 1, 2021 12:58 PM ]========================
Version 2.2.26 [Sep-21-2011]
Started database file "/mnt/nasfu2012/home/yjhao/project/CalculationMethod_RNAi/Software/OffTarget_temp/Temp_gene.fa"
FDBFinish: Empty nucleotide database...
SUCCESS: formatted database /mnt/nasfu2012/home/yjhao/project/CalculationMethod_RNAi/Software/OffTarget_temp/Temp_gene.fa

========================[ May 1, 2021 12:58 PM ]========================
Version 2.2.26 [Sep-21-2011]
Started database file "/mnt/nasfu2012/home/yjhao/project/CalculationMethod_RNAi/Software/OffTarget_temp/Temp_gene.fa"
FDBFinish: Empty nucleotide database...
SUCCESS: formatted database /mnt/nasfu2012/home/yjhao/project/CalculationMethod_RNAi/Software/OffTarget_temp/Temp_gene.fa

========================[ May 1, 2021 12:58 PM ]========================
Version 2.2.26 [Sep-21-2011]
Started database file "/mnt/nasfu2012/home/yjhao/project/CalculationMethod_RNAi/Software/OffTarget_temp/Temp_gene.fa"
FDBFinish: Empty nucleotide database...
SUCCESS: formatted database /mnt/nasfu2012/home/yjhao/project/CalculationMethod_RNAi/Software/OffTarget_temp/Temp_gene.fa

========================[ May 1, 2021 12:58 PM ]========================
Version 2.2.26 [Sep-21-2011]
Started database file "/mnt/nasfu2012/home/yjhao/project/CalculationMethod_RNAi/Software/OffTarget_temp/Temp_gene.fa"
FDBFinish: Empty nucleotide database...
SUCCESS: formatted database /mnt/nasfu2012/home/yjhao/project/CalculationMethod_RNAi/Software/OffTarget_temp/Temp_gene.fa

========================[ May 1, 2021 12:58 PM ]========================
Version 2.2.26 [Sep-21-2011]
Started database file "/mnt/nasfu2012/home/yjhao/project/CalculationMethod_RNAi/Software/OffTarget_temp/Temp_gene.fa"
FDBFinish: Empty nucleotide database...
SUCCESS: formatted database /mnt/nasfu2012/home/yjhao/project/CalculationMethod_RNAi/Software/OffTarget_temp/Temp_gene.fa

========================[ May 1, 2021 12:58 PM ]========================
Version 2.2.26 [Sep-21-2011]
Started database file "/mnt/nasfu2012/home/yjhao/project/CalculationMethod_RNAi/Software/OffTarget_temp/Temp_gene.fa"
FDBFinish: Empty nucleotide database...
SUCCESS: formatted database /mnt/nasfu2012/home/yjhao/project/CalculationMethod_RNAi/Software/OffTarget_temp/Temp_gene.fa

========================[ May 1, 2021 12:58 PM ]========================
Version 2.2.26 [Sep-21-2011]
Started database file "/mnt/nasfu2012/home/yjhao/project/CalculationMethod_RNAi/Software/OffTarget_temp/Temp_gene.fa"
FDBFinish: Empty nucleotide database...
SUCCESS: formatted database /mnt/nasfu2012/home/yjhao/project/CalculationMethod_RNAi/Software/OffTarget_temp/Temp_gene.fa

========================[ May 1, 2021 12:58 PM ]========================
Version 2.2.26 [Sep-21-2011]
Started database file "/mnt/nasfu2012/home/yjhao/project/CalculationMethod_RNAi/Software/OffTarget_temp/Temp_gene.fa"
FDBFinish: Empty nucleotide database...
SUCCESS: formatted database /mnt/nasfu2012/home/yjhao/project/CalculationMethod_RNAi/Software/OffTarget_temp/Temp_gene.fa

========================[ May 1, 2021  1:23 PM ]========================
Version 2.2.26 [Sep-21-2011]
Started database file "/mnt/nasfu2012/home/yjhao/project/CalculationMethod_RNAi/Software/OffTarget_temp/Temp_gene.fa"
FDBFinish: Empty nucleotide database...
SUCCESS: formatted database /mnt/nasfu2012/home/yjhao/project/CalculationMethod_RNAi/Software/OffTarget_temp/Temp_gene.fa

========================[ May 1, 2021  1:23 PM ]========================
Version 2.2.26 [Sep-21-2011]
Started database file "/mnt/nasfu2012/home/yjhao/project/CalculationMethod_RNAi/Software/OffTarget_temp/Temp_gene.fa"
FDBFinish: Empty nucleotide database...
SUCCESS: formatted database /mnt/nasfu2012/home/yjhao/project/CalculationMethod_RNAi/Software/OffTarget_temp/Temp_gene.fa

========================[ May 1, 2021  1:23 PM ]========================
Version 2.2.26 [Sep-21-2011]
Started database file "/mnt/nasfu2012/home/yjhao/project/CalculationMethod_RNAi/Software/OffTarget_temp/Temp_gene.fa"
FDBFinish: Empty nucleotide database...
SUCCESS: formatted database /mnt/nasfu2012/home/yjhao/project/CalculationMethod_RNAi/Software/OffTarget_temp/Temp_gene.fa

========================[ May 1, 2021  1:23 PM ]========================
Version 2.2.26 [Sep-21-2011]
Started database file "/mnt/nasfu2012/home/yjhao/project/CalculationMethod_RNAi/Software/OffTarget_temp/Temp_gene.fa"
FDBFinish: Empty nucleotide database...
SUCCESS: formatted database /mnt/nasfu2012/home/yjhao/project/CalculationMethod_RNAi/Software/OffTarget_temp/Temp_gene.fa

========================[ May 1, 2021  1:23 PM ]========================
Version 2.2.26 [Sep-21-2011]
Started database file "/mnt/nasfu2012/home/yjhao/project/CalculationMethod_RNAi/Software/OffTarget_temp/Temp_gene.fa"
FDBFinish: Empty nucleotide database...
SUCCESS: formatted database /mnt/nasfu2012/home/yjhao/project/CalculationMethod_RNAi/Software/OffTarget_temp/Temp_gene.fa

========================[ May 1, 2021  1:23 PM ]========================
Version 2.2.26 [Sep-21-2011]
Started database file "/mnt/nasfu2012/home/yjhao/project/CalculationMethod_RNAi/Software/OffTarget_temp/Temp_gene.fa"
FDBFinish: Empty nucleotide database...
SUCCESS: formatted database /mnt/nasfu2012/home/yjhao/project/CalculationMethod_RNAi/Software/OffTarget_temp/Temp_gene.fa

========================[ May 1, 2021  1:23 PM ]========================
Version 2.2.26 [Sep-21-2011]
Started database file "/mnt/nasfu2012/home/yjhao/project/CalculationMethod_RNAi/Software/OffTarget_temp/Temp_gene.fa"
FDBFinish: Empty nucleotide database...
SUCCESS: formatted database /mnt/nasfu2012/home/yjhao/project/CalculationMethod_RNAi/Software/OffTarget_temp/Temp_gene.fa

========================[ May 1, 2021  1:23 PM ]========================
Version 2.2.26 [Sep-21-2011]
Started database file "/mnt/nasfu2012/home/yjhao/project/CalculationMethod_RNAi/Software/OffTarget_temp/Temp_gene.fa"
FDBFinish: Empty nucleotide database...
SUCCESS: formatted database /mnt/nasfu2012/home/yjhao/project/CalculationMethod_RNAi/Software/OffTarget_temp/Temp_gene.fa

========================[ May 1, 2021  1:23 PM ]========================
Version 2.2.26 [Sep-21-2011]
Started database file "/mnt/nasfu2012/home/yjhao/project/CalculationMethod_RNAi/Software/OffTarget_temp/Temp_gene.fa"
FDBFinish: Empty nucleotide database...
SUCCESS: formatted database /mnt/nasfu2012/home/yjhao/project/CalculationMethod_RNAi/Software/OffTarget_temp/Temp_gene.fa

========================[ May 1, 2021  1:23 PM ]========================
Version 2.2.26 [Sep-21-2011]
Started database file "/mnt/nasfu2012/home/yjhao/project/CalculationMethod_RNAi/Software/OffTarget_temp/Temp_gene.fa"
FDBFinish: Empty nucleotide database...
SUCCESS: formatted database /mnt/nasfu2012/home/yjhao/project/CalculationMethod_RNAi/Software/OffTarget_temp/Temp_gene.fa

========================[ May 1, 2021  1:23 PM ]========================
Version 2.2.26 [Sep-21-2011]
Started database file "/mnt/nasfu2012/home/yjhao/project/CalculationMethod_RNAi/Software/OffTarget_temp/Temp_gene.fa"
FDBFinish: Empty nucleotide database...
SUCCESS: formatted database /mnt/nasfu2012/home/yjhao/project/CalculationMethod_RNAi/Software/OffTarget_temp/Temp_gene.fa

========================[ May 1, 2021  1:23 PM ]========================
Version 2.2.26 [Sep-21-2011]
Started database file "/mnt/nasfu2012/home/yjhao/project/CalculationMethod_RNAi/Software/OffTarget_temp/Temp_gene.fa"
FDBFinish: Empty nucleotide database...
SUCCESS: formatted database /mnt/nasfu2012/home/yjhao/project/CalculationMethod_RNAi/Software/OffTarget_temp/Temp_gene.fa

========================[ May 1, 2021  1:23 PM ]========================
Version 2.2.26 [Sep-21-2011]
Started database file "/mnt/nasfu2012/home/yjhao/project/CalculationMethod_RNAi/Software/OffTarget_temp/Temp_gene.fa"
FDBFinish: Empty nucleotide database...
SUCCESS: formatted database /mnt/nasfu2012/home/yjhao/project/CalculationMethod_RNAi/Software/OffTarget_temp/Temp_gene.fa

========================[ May 1, 2021  1:23 PM ]========================
Version 2.2.26 [Sep-21-2011]
Started database file "/mnt/nasfu2012/home/yjhao/project/CalculationMethod_RNAi/Software/OffTarget_temp/Temp_gene.fa"
FDBFinish: Empty nucleotide database...
SUCCESS: formatted database /mnt/nasfu2012/home/yjhao/project/CalculationMethod_RNAi/Software/OffTarget_temp/Temp_gene.fa

========================[ May 1, 2021  1:23 PM ]========================
Version 2.2.26 [Sep-21-2011]
Started database file "/mnt/nasfu2012/home/yjhao/project/CalculationMethod_RNAi/Software/OffTarget_temp/Temp_gene.fa"
FDBFinish: Empty nucleotide database...
SUCCESS: formatted database /mnt/nasfu2012/home/yjhao/project/CalculationMethod_RNAi/Software/OffTarget_temp/Temp_gene.fa

========================[ May 1, 2021  1:23 PM ]========================
Version 2.2.26 [Sep-21-2011]
Started database file "/mnt/nasfu2012/home/yjhao/project/CalculationMethod_RNAi/Software/OffTarget_temp/Temp_gene.fa"
FDBFinish: Empty nucleotide database...
SUCCESS: formatted database /mnt/nasfu2012/home/yjhao/project/CalculationMethod_RNAi/Software/OffTarget_temp/Temp_gene.fa

========================[ May 1, 2021  1:23 PM ]========================
Version 2.2.26 [Sep-21-2011]
Started database file "/mnt/nasfu2012/home/yjhao/project/CalculationMethod_RNAi/Software/OffTarget_temp/Temp_gene.fa"
FDBFinish: Empty nucleotide database...
SUCCESS: formatted database /mnt/nasfu2012/home/yjhao/project/CalculationMethod_RNAi/Software/OffTarget_temp/Temp_gene.fa

========================[ May 1, 2021  1:23 PM ]========================
Version 2.2.26 [Sep-21-2011]
Started database file "/mnt/nasfu2012/home/yjhao/project/CalculationMethod_RNAi/Software/OffTarget_temp/Temp_gene.fa"
FDBFinish: Empty nucleotide database...
SUCCESS: formatted database /mnt/nasfu2012/home/yjhao/project/CalculationMethod_RNAi/Software/OffTarget_temp/Temp_gene.fa

========================[ May 1, 2021  1:23 PM ]========================
Version 2.2.26 [Sep-21-2011]
Started database file "/mnt/nasfu2012/home/yjhao/project/CalculationMethod_RNAi/Software/OffTarget_temp/Temp_gene.fa"
FDBFinish: Empty nucleotide database...
SUCCESS: formatted database /mnt/nasfu2012/home/yjhao/project/CalculationMethod_RNAi/Software/OffTarget_temp/Temp_gene.fa

========================[ May 1, 2021  1:23 PM ]========================
Version 2.2.26 [Sep-21-2011]
Started database file "/mnt/nasfu2012/home/yjhao/project/CalculationMethod_RNAi/Software/OffTarget_temp/Temp_gene.fa"
FDBFinish: Empty nucleotide database...
SUCCESS: formatted database /mnt/nasfu2012/home/yjhao/project/CalculationMethod_RNAi/Software/OffTarget_temp/Temp_gene.fa

========================[ May 1, 2021  1:23 PM ]========================
Version 2.2.26 [Sep-21-2011]
Started database file "/mnt/nasfu2012/home/yjhao/project/CalculationMethod_RNAi/Software/OffTarget_temp/Temp_gene.fa"
FDBFinish: Empty nucleotide database...
SUCCESS: formatted database /mnt/nasfu2012/home/yjhao/project/CalculationMethod_RNAi/Software/OffTarget_temp/Temp_gene.fa

========================[ May 1, 2021  1:23 PM ]========================
Version 2.2.26 [Sep-21-2011]
Started database file "/mnt/nasfu2012/home/yjhao/project/CalculationMethod_RNAi/Software/OffTarget_temp/Temp_gene.fa"
FDBFinish: Empty nucleotide database...
SUCCESS: formatted database /mnt/nasfu2012/home/yjhao/project/CalculationMethod_RNAi/Software/OffTarget_temp/Temp_gene.fa

========================[ May 1, 2021  1:23 PM ]========================
Version 2.2.26 [Sep-21-2011]
Started database file "/mnt/nasfu2012/home/yjhao/project/CalculationMethod_RNAi/Software/OffTarget_temp/Temp_gene.fa"
FDBFinish: Empty nucleotide database...
SUCCESS: formatted database /mnt/nasfu2012/home/yjhao/project/CalculationMethod_RNAi/Software/OffTarget_temp/Temp_gene.fa

========================[ May 1, 2021  1:23 PM ]========================
Version 2.2.26 [Sep-21-2011]
Started database file "/mnt/nasfu2012/home/yjhao/project/CalculationMethod_RNAi/Software/OffTarget_temp/Temp_gene.fa"
FDBFinish: Empty nucleotide database...
SUCCESS: formatted database /mnt/nasfu2012/home/yjhao/project/CalculationMethod_RNAi/Software/OffTarget_temp/Temp_gene.fa

========================[ May 1, 2021  1:23 PM ]========================
Version 2.2.26 [Sep-21-2011]
Started database file "/mnt/nasfu2012/home/yjhao/project/CalculationMethod_RNAi/Software/OffTarget_temp/Temp_gene.fa"
FDBFinish: Empty nucleotide database...
SUCCESS: formatted database /mnt/nasfu2012/home/yjhao/project/CalculationMethod_RNAi/Software/OffTarget_temp/Temp_gene.fa

========================[ May 1, 2021  1:23 PM ]========================
Version 2.2.26 [Sep-21-2011]
Started database file "/mnt/nasfu2012/home/yjhao/project/CalculationMethod_RNAi/Software/OffTarget_temp/Temp_gene.fa"
FDBFinish: Empty nucleotide database...
SUCCESS: formatted database /mnt/nasfu2012/home/yjhao/project/CalculationMethod_RNAi/Software/OffTarget_temp/Temp_gene.fa

========================[ May 1, 2021  1:23 PM ]========================
Version 2.2.26 [Sep-21-2011]
Started database file "/mnt/nasfu2012/home/yjhao/project/CalculationMethod_RNAi/Software/OffTarget_temp/Temp_gene.fa"
FDBFinish: Empty nucleotide database...
SUCCESS: formatted database /mnt/nasfu2012/home/yjhao/project/CalculationMethod_RNAi/Software/OffTarget_temp/Temp_gene.fa

========================[ May 1, 2021  1:24 PM ]========================
Version 2.2.26 [Sep-21-2011]
Started database file "/mnt/nasfu2012/home/yjhao/project/CalculationMethod_RNAi/Software/OffTarget_temp/Temp_gene.fa"
FDBFinish: Empty nucleotide database...
SUCCESS: formatted database /mnt/nasfu2012/home/yjhao/project/CalculationMethod_RNAi/Software/OffTarget_temp/Temp_gene.fa

========================[ May 1, 2021  1:24 PM ]========================
Version 2.2.26 [Sep-21-2011]
Started database file "/mnt/nasfu2012/home/yjhao/project/CalculationMethod_RNAi/Software/OffTarget_temp/Temp_gene.fa"
FDBFinish: Empty nucleotide database...
SUCCESS: formatted database /mnt/nasfu2012/home/yjhao/project/CalculationMethod_RNAi/Software/OffTarget_temp/Temp_gene.fa

========================[ May 1, 2021  1:24 PM ]========================
Version 2.2.26 [Sep-21-2011]
Started database file "/mnt/nasfu2012/home/yjhao/project/CalculationMethod_RNAi/Software/OffTarget_temp/Temp_gene.fa"
FDBFinish: Empty nucleotide database...
SUCCESS: formatted database /mnt/nasfu2012/home/yjhao/project/CalculationMethod_RNAi/Software/OffTarget_temp/Temp_gene.fa

========================[ May 1, 2021  1:24 PM ]========================
Version 2.2.26 [Sep-21-2011]
Started database file "/mnt/nasfu2012/home/yjhao/project/CalculationMethod_RNAi/Software/OffTarget_temp/Temp_gene.fa"
FDBFinish: Empty nucleotide database...
SUCCESS: formatted database /mnt/nasfu2012/home/yjhao/project/CalculationMethod_RNAi/Software/OffTarget_temp/Temp_gene.fa

========================[ May 1, 2021  1:24 PM ]========================
Version 2.2.26 [Sep-21-2011]
Started database file "/mnt/nasfu2012/home/yjhao/project/CalculationMethod_RNAi/Software/OffTarget_temp/Temp_gene.fa"
FDBFinish: Empty nucleotide database...
SUCCESS: formatted database /mnt/nasfu2012/home/yjhao/project/CalculationMethod_RNAi/Software/OffTarget_temp/Temp_gene.fa

========================[ May 1, 2021  1:24 PM ]========================
Version 2.2.26 [Sep-21-2011]
Started database file "/mnt/nasfu2012/home/yjhao/project/CalculationMethod_RNAi/Software/OffTarget_temp/Temp_gene.fa"
FDBFinish: Empty nucleotide database...
SUCCESS: formatted database /mnt/nasfu2012/home/yjhao/project/CalculationMethod_RNAi/Software/OffTarget_temp/Temp_gene.fa

========================[ May 1, 2021  1:24 PM ]========================
Version 2.2.26 [Sep-21-2011]
Started database file "/mnt/nasfu2012/home/yjhao/project/CalculationMethod_RNAi/Software/OffTarget_temp/Temp_gene.fa"
FDBFinish: Empty nucleotide database...
SUCCESS: formatted database /mnt/nasfu2012/home/yjhao/project/CalculationMethod_RNAi/Software/OffTarget_temp/Temp_gene.fa

========================[ May 1, 2021  1:24 PM ]========================
Version 2.2.26 [Sep-21-2011]
Started database file "/mnt/nasfu2012/home/yjhao/project/CalculationMethod_RNAi/Software/OffTarget_temp/Temp_gene.fa"
FDBFinish: Empty nucleotide database...
SUCCESS: formatted database /mnt/nasfu2012/home/yjhao/project/CalculationMethod_RNAi/Software/OffTarget_temp/Temp_gene.fa

========================[ May 1, 2021  1:24 PM ]========================
Version 2.2.26 [Sep-21-2011]
Started database file "/mnt/nasfu2012/home/yjhao/project/CalculationMethod_RNAi/Software/OffTarget_temp/Temp_gene.fa"
FDBFinish: Empty nucleotide database...
SUCCESS: formatted database /mnt/nasfu2012/home/yjhao/project/CalculationMethod_RNAi/Software/OffTarget_temp/Temp_gene.fa

========================[ May 1, 2021  1:24 PM ]========================
Version 2.2.26 [Sep-21-2011]
Started database file "/mnt/nasfu2012/home/yjhao/project/CalculationMethod_RNAi/Software/OffTarget_temp/Temp_gene.fa"
FDBFinish: Empty nucleotide database...
SUCCESS: formatted database /mnt/nasfu2012/home/yjhao/project/CalculationMethod_RNAi/Software/OffTarget_temp/Temp_gene.fa

========================[ May 1, 2021  1:24 PM ]========================
Version 2.2.26 [Sep-21-2011]
Started database file "/mnt/nasfu2012/home/yjhao/project/CalculationMethod_RNAi/Software/OffTarget_temp/Temp_gene.fa"
FDBFinish: Empty nucleotide database...
SUCCESS: formatted database /mnt/nasfu2012/home/yjhao/project/CalculationMethod_RNAi/Software/OffTarget_temp/Temp_gene.fa

========================[ May 1, 2021  1:24 PM ]========================
Version 2.2.26 [Sep-21-2011]
Started database file "/mnt/nasfu2012/home/yjhao/project/CalculationMethod_RNAi/Software/OffTarget_temp/Temp_gene.fa"
FDBFinish: Empty nucleotide database...
SUCCESS: formatted database /mnt/nasfu2012/home/yjhao/project/CalculationMethod_RNAi/Software/OffTarget_temp/Temp_gene.fa

========================[ May 1, 2021  1:24 PM ]========================
Version 2.2.26 [Sep-21-2011]
Started database file "/mnt/nasfu2012/home/yjhao/project/CalculationMethod_RNAi/Software/OffTarget_temp/Temp_gene.fa"
FDBFinish: Empty nucleotide database...
SUCCESS: formatted database /mnt/nasfu2012/home/yjhao/project/CalculationMethod_RNAi/Software/OffTarget_temp/Temp_gene.fa

========================[ May 1, 2021  1:24 PM ]========================
Version 2.2.26 [Sep-21-2011]
Started database file "/mnt/nasfu2012/home/yjhao/project/CalculationMethod_RNAi/Software/OffTarget_temp/Temp_gene.fa"
FDBFinish: Empty nucleotide database...
SUCCESS: formatted database /mnt/nasfu2012/home/yjhao/project/CalculationMethod_RNAi/Software/OffTarget_temp/Temp_gene.fa

========================[ May 1, 2021  1:24 PM ]========================
Version 2.2.26 [Sep-21-2011]
Started database file "/mnt/nasfu2012/home/yjhao/project/CalculationMethod_RNAi/Software/OffTarget_temp/Temp_gene.fa"
FDBFinish: Empty nucleotide database...
SUCCESS: formatted database /mnt/nasfu2012/home/yjhao/project/CalculationMethod_RNAi/Software/OffTarget_temp/Temp_gene.fa

========================[ May 1, 2021  1:24 PM ]========================
Version 2.2.26 [Sep-21-2011]
Started database file "/mnt/nasfu2012/home/yjhao/project/CalculationMethod_RNAi/Software/OffTarget_temp/Temp_gene.fa"
FDBFinish: Empty nucleotide database...
SUCCESS: formatted database /mnt/nasfu2012/home/yjhao/project/CalculationMethod_RNAi/Software/OffTarget_temp/Temp_gene.fa

========================[ May 1, 2021  1:24 PM ]========================
Version 2.2.26 [Sep-21-2011]
Started database file "/mnt/nasfu2012/home/yjhao/project/CalculationMethod_RNAi/Software/OffTarget_temp/Temp_gene.fa"
FDBFinish: Empty nucleotide database...
SUCCESS: formatted database /mnt/nasfu2012/home/yjhao/project/CalculationMethod_RNAi/Software/OffTarget_temp/Temp_gene.fa

========================[ May 1, 2021  1:24 PM ]========================
Version 2.2.26 [Sep-21-2011]
Started database file "/mnt/nasfu2012/home/yjhao/project/CalculationMethod_RNAi/Software/OffTarget_temp/Temp_gene.fa"
FDBFinish: Empty nucleotide database...
SUCCESS: formatted database /mnt/nasfu2012/home/yjhao/project/CalculationMethod_RNAi/Software/OffTarget_temp/Temp_gene.fa

========================[ May 1, 2021  1:24 PM ]========================
Version 2.2.26 [Sep-21-2011]
Started database file "/mnt/nasfu2012/home/yjhao/project/CalculationMethod_RNAi/Software/OffTarget_temp/Temp_gene.fa"
FDBFinish: Empty nucleotide database...
SUCCESS: formatted database /mnt/nasfu2012/home/yjhao/project/CalculationMethod_RNAi/Software/OffTarget_temp/Temp_gene.fa

========================[ May 1, 2021  1:24 PM ]========================
Version 2.2.26 [Sep-21-2011]
Started database file "/mnt/nasfu2012/home/yjhao/project/CalculationMethod_RNAi/Software/OffTarget_temp/Temp_gene.fa"
FDBFinish: Empty nucleotide database...
SUCCESS: formatted database /mnt/nasfu2012/home/yjhao/project/CalculationMethod_RNAi/Software/OffTarget_temp/Temp_gene.fa

========================[ May 1, 2021  1:24 PM ]========================
Version 2.2.26 [Sep-21-2011]
Started database file "/mnt/nasfu2012/home/yjhao/project/CalculationMethod_RNAi/Software/OffTarget_temp/Temp_gene.fa"
FDBFinish: Empty nucleotide database...
SUCCESS: formatted database /mnt/nasfu2012/home/yjhao/project/CalculationMethod_RNAi/Software/OffTarget_temp/Temp_gene.fa

========================[ May 1, 2021  1:24 PM ]========================
Version 2.2.26 [Sep-21-2011]
Started database file "/mnt/nasfu2012/home/yjhao/project/CalculationMethod_RNAi/Software/OffTarget_temp/Temp_gene.fa"
FDBFinish: Empty nucleotide database...
SUCCESS: formatted database /mnt/nasfu2012/home/yjhao/project/CalculationMethod_RNAi/Software/OffTarget_temp/Temp_gene.fa

========================[ May 1, 2021  1:24 PM ]========================
Version 2.2.26 [Sep-21-2011]
Started database file "/mnt/nasfu2012/home/yjhao/project/CalculationMethod_RNAi/Software/OffTarget_temp/Temp_gene.fa"
FDBFinish: Empty nucleotide database...
SUCCESS: formatted database /mnt/nasfu2012/home/yjhao/project/CalculationMethod_RNAi/Software/OffTarget_temp/Temp_gene.fa

========================[ May 1, 2021  1:24 PM ]========================
Version 2.2.26 [Sep-21-2011]
Started database file "/mnt/nasfu2012/home/yjhao/project/CalculationMethod_RNAi/Software/OffTarget_temp/Temp_gene.fa"
FDBFinish: Empty nucleotide database...
SUCCESS: formatted database /mnt/nasfu2012/home/yjhao/project/CalculationMethod_RNAi/Software/OffTarget_temp/Temp_gene.fa

========================[ May 1, 2021  1:24 PM ]========================
Version 2.2.26 [Sep-21-2011]
Started database file "/mnt/nasfu2012/home/yjhao/project/CalculationMethod_RNAi/Software/OffTarget_temp/Temp_gene.fa"
FDBFinish: Empty nucleotide database...
SUCCESS: formatted database /mnt/nasfu2012/home/yjhao/project/CalculationMethod_RNAi/Software/OffTarget_temp/Temp_gene.fa

========================[ May 1, 2021  1:24 PM ]========================
Version 2.2.26 [Sep-21-2011]
Started database file "/mnt/nasfu2012/home/yjhao/project/CalculationMethod_RNAi/Software/OffTarget_temp/Temp_gene.fa"
FDBFinish: Empty nucleotide database...
SUCCESS: formatted database /mnt/nasfu2012/home/yjhao/project/CalculationMethod_RNAi/Software/OffTarget_temp/Temp_gene.fa

========================[ May 1, 2021  1:24 PM ]========================
Version 2.2.26 [Sep-21-2011]
Started database file "/mnt/nasfu2012/home/yjhao/project/CalculationMethod_RNAi/Software/OffTarget_temp/Temp_gene.fa"
FDBFinish: Empty nucleotide database...
SUCCESS: formatted database /mnt/nasfu2012/home/yjhao/project/CalculationMethod_RNAi/Software/OffTarget_temp/Temp_gene.fa

========================[ May 1, 2021  1:24 PM ]========================
Version 2.2.26 [Sep-21-2011]
Started database file "/mnt/nasfu2012/home/yjhao/project/CalculationMethod_RNAi/Software/OffTarget_temp/Temp_gene.fa"
FDBFinish: Empty nucleotide database...
SUCCESS: formatted database /mnt/nasfu2012/home/yjhao/project/CalculationMethod_RNAi/Software/OffTarget_temp/Temp_gene.fa

========================[ May 1, 2021  1:24 PM ]========================
Version 2.2.26 [Sep-21-2011]
Started database file "/mnt/nasfu2012/home/yjhao/project/CalculationMethod_RNAi/Software/OffTarget_temp/Temp_gene.fa"
FDBFinish: Empty nucleotide database...
SUCCESS: formatted database /mnt/nasfu2012/home/yjhao/project/CalculationMethod_RNAi/Software/OffTarget_temp/Temp_gene.fa

========================[ May 1, 2021  1:24 PM ]========================
Version 2.2.26 [Sep-21-2011]
Started database file "/mnt/nasfu2012/home/yjhao/project/CalculationMethod_RNAi/Software/OffTarget_temp/Temp_gene.fa"
FDBFinish: Empty nucleotide database...
SUCCESS: formatted database /mnt/nasfu2012/home/yjhao/project/CalculationMethod_RNAi/Software/OffTarget_temp/Temp_gene.fa

========================[ May 1, 2021  1:24 PM ]========================
Version 2.2.26 [Sep-21-2011]
Started database file "/mnt/nasfu2012/home/yjhao/project/CalculationMethod_RNAi/Software/OffTarget_temp/Temp_gene.fa"
FDBFinish: Empty nucleotide database...
SUCCESS: formatted database /mnt/nasfu2012/home/yjhao/project/CalculationMethod_RNAi/Software/OffTarget_temp/Temp_gene.fa

========================[ May 1, 2021  1:24 PM ]========================
Version 2.2.26 [Sep-21-2011]
Started database file "/mnt/nasfu2012/home/yjhao/project/CalculationMethod_RNAi/Software/OffTarget_temp/Temp_gene.fa"
FDBFinish: Empty nucleotide database...
SUCCESS: formatted database /mnt/nasfu2012/home/yjhao/project/CalculationMethod_RNAi/Software/OffTarget_temp/Temp_gene.fa

========================[ May 1, 2021  1:24 PM ]========================
Version 2.2.26 [Sep-21-2011]
Started database file "/mnt/nasfu2012/home/yjhao/project/CalculationMethod_RNAi/Software/OffTarget_temp/Temp_gene.fa"
FDBFinish: Empty nucleotide database...
SUCCESS: formatted database /mnt/nasfu2012/home/yjhao/project/CalculationMethod_RNAi/Software/OffTarget_temp/Temp_gene.fa

========================[ May 1, 2021  1:24 PM ]========================
Version 2.2.26 [Sep-21-2011]
Started database file "/mnt/nasfu2012/home/yjhao/project/CalculationMethod_RNAi/Software/OffTarget_temp/Temp_gene.fa"
FDBFinish: Empty nucleotide database...
SUCCESS: formatted database /mnt/nasfu2012/home/yjhao/project/CalculationMethod_RNAi/Software/OffTarget_temp/Temp_gene.fa

========================[ May 1, 2021  1:24 PM ]========================
Version 2.2.26 [Sep-21-2011]
Started database file "/mnt/nasfu2012/home/yjhao/project/CalculationMethod_RNAi/Software/OffTarget_temp/Temp_gene.fa"
FDBFinish: Empty nucleotide database...
SUCCESS: formatted database /mnt/nasfu2012/home/yjhao/project/CalculationMethod_RNAi/Software/OffTarget_temp/Temp_gene.fa

========================[ May 1, 2021  1:24 PM ]========================
Version 2.2.26 [Sep-21-2011]
Started database file "/mnt/nasfu2012/home/yjhao/project/CalculationMethod_RNAi/Software/OffTarget_temp/Temp_gene.fa"
FDBFinish: Empty nucleotide database...
SUCCESS: formatted database /mnt/nasfu2012/home/yjhao/project/CalculationMethod_RNAi/Software/OffTarget_temp/Temp_gene.fa

========================[ May 1, 2021  1:24 PM ]========================
Version 2.2.26 [Sep-21-2011]
Started database file "/mnt/nasfu2012/home/yjhao/project/CalculationMethod_RNAi/Software/OffTarget_temp/Temp_gene.fa"
FDBFinish: Empty nucleotide database...
SUCCESS: formatted database /mnt/nasfu2012/home/yjhao/project/CalculationMethod_RNAi/Software/OffTarget_temp/Temp_gene.fa

========================[ May 1, 2021  1:24 PM ]========================
Version 2.2.26 [Sep-21-2011]
Started database file "/mnt/nasfu2012/home/yjhao/project/CalculationMethod_RNAi/Software/OffTarget_temp/Temp_gene.fa"
FDBFinish: Empty nucleotide database...
SUCCESS: formatted database /mnt/nasfu2012/home/yjhao/project/CalculationMethod_RNAi/Software/OffTarget_temp/Temp_gene.fa

========================[ May 1, 2021  1:24 PM ]========================
Version 2.2.26 [Sep-21-2011]
Started database file "/mnt/nasfu2012/home/yjhao/project/CalculationMethod_RNAi/Software/OffTarget_temp/Temp_gene.fa"
FDBFinish: Empty nucleotide database...
SUCCESS: formatted database /mnt/nasfu2012/home/yjhao/project/CalculationMethod_RNAi/Software/OffTarget_temp/Temp_gene.fa

========================[ May 1, 2021  1:24 PM ]========================
Version 2.2.26 [Sep-21-2011]
Started database file "/mnt/nasfu2012/home/yjhao/project/CalculationMethod_RNAi/Software/OffTarget_temp/Temp_gene.fa"
FDBFinish: Empty nucleotide database...
SUCCESS: formatted database /mnt/nasfu2012/home/yjhao/project/CalculationMethod_RNAi/Software/OffTarget_temp/Temp_gene.fa

========================[ May 1, 2021  1:24 PM ]========================
Version 2.2.26 [Sep-21-2011]
Started database file "/mnt/nasfu2012/home/yjhao/project/CalculationMethod_RNAi/Software/OffTarget_temp/Temp_gene.fa"
FDBFinish: Empty nucleotide database...
SUCCESS: formatted database /mnt/nasfu2012/home/yjhao/project/CalculationMethod_RNAi/Software/OffTarget_temp/Temp_gene.fa

========================[ May 1, 2021  1:24 PM ]========================
Version 2.2.26 [Sep-21-2011]
Started database file "/mnt/nasfu2012/home/yjhao/project/CalculationMethod_RNAi/Software/OffTarget_temp/Temp_gene.fa"
FDBFinish: Empty nucleotide database...
SUCCESS: formatted database /mnt/nasfu2012/home/yjhao/project/CalculationMethod_RNAi/Software/OffTarget_temp/Temp_gene.fa

========================[ May 1, 2021  1:24 PM ]========================
Version 2.2.26 [Sep-21-2011]
Started database file "/mnt/nasfu2012/home/yjhao/project/CalculationMethod_RNAi/Software/OffTarget_temp/Temp_gene.fa"
FDBFinish: Empty nucleotide database...
SUCCESS: formatted database /mnt/nasfu2012/home/yjhao/project/CalculationMethod_RNAi/Software/OffTarget_temp/Temp_gene.fa

========================[ May 1, 2021  1:24 PM ]========================
Version 2.2.26 [Sep-21-2011]
Started database file "/mnt/nasfu2012/home/yjhao/project/CalculationMethod_RNAi/Software/OffTarget_temp/Temp_gene.fa"
FDBFinish: Empty nucleotide database...
SUCCESS: formatted database /mnt/nasfu2012/home/yjhao/project/CalculationMethod_RNAi/Software/OffTarget_temp/Temp_gene.fa

========================[ May 1, 2021  1:24 PM ]========================
Version 2.2.26 [Sep-21-2011]
Started database file "/mnt/nasfu2012/home/yjhao/project/CalculationMethod_RNAi/Software/OffTarget_temp/Temp_gene.fa"
FDBFinish: Empty nucleotide database...
SUCCESS: formatted database /mnt/nasfu2012/home/yjhao/project/CalculationMethod_RNAi/Software/OffTarget_temp/Temp_gene.fa

========================[ May 1, 2021  1:24 PM ]========================
Version 2.2.26 [Sep-21-2011]
Started database file "/mnt/nasfu2012/home/yjhao/project/CalculationMethod_RNAi/Software/OffTarget_temp/Temp_gene.fa"
FDBFinish: Empty nucleotide database...
SUCCESS: formatted database /mnt/nasfu2012/home/yjhao/project/CalculationMethod_RNAi/Software/OffTarget_temp/Temp_gene.fa

========================[ May 1, 2021  1:24 PM ]========================
Version 2.2.26 [Sep-21-2011]
Started database file "/mnt/nasfu2012/home/yjhao/project/CalculationMethod_RNAi/Software/OffTarget_temp/Temp_gene.fa"
FDBFinish: Empty nucleotide database...
SUCCESS: formatted database /mnt/nasfu2012/home/yjhao/project/CalculationMethod_RNAi/Software/OffTarget_temp/Temp_gene.fa

========================[ May 1, 2021  1:24 PM ]========================
Version 2.2.26 [Sep-21-2011]
Started database file "/mnt/nasfu2012/home/yjhao/project/CalculationMethod_RNAi/Software/OffTarget_temp/Temp_gene.fa"
FDBFinish: Empty nucleotide database...
SUCCESS: formatted database /mnt/nasfu2012/home/yjhao/project/CalculationMethod_RNAi/Software/OffTarget_temp/Temp_gene.fa

========================[ May 1, 2021  1:24 PM ]========================
Version 2.2.26 [Sep-21-2011]
Started database file "/mnt/nasfu2012/home/yjhao/project/CalculationMethod_RNAi/Software/OffTarget_temp/Temp_gene.fa"
FDBFinish: Empty nucleotide database...
SUCCESS: formatted database /mnt/nasfu2012/home/yjhao/project/CalculationMethod_RNAi/Software/OffTarget_temp/Temp_gene.fa

========================[ May 1, 2021  1:24 PM ]========================
Version 2.2.26 [Sep-21-2011]
Started database file "/mnt/nasfu2012/home/yjhao/project/CalculationMethod_RNAi/Software/OffTarget_temp/Temp_gene.fa"
FDBFinish: Empty nucleotide database...
SUCCESS: formatted database /mnt/nasfu2012/home/yjhao/project/CalculationMethod_RNAi/Software/OffTarget_temp/Temp_gene.fa

========================[ May 1, 2021  1:24 PM ]========================
Version 2.2.26 [Sep-21-2011]
Started database file "/mnt/nasfu2012/home/yjhao/project/CalculationMethod_RNAi/Software/OffTarget_temp/Temp_gene.fa"
FDBFinish: Empty nucleotide database...
SUCCESS: formatted database /mnt/nasfu2012/home/yjhao/project/CalculationMethod_RNAi/Software/OffTarget_temp/Temp_gene.fa

========================[ May 1, 2021  1:24 PM ]========================
Version 2.2.26 [Sep-21-2011]
Started database file "/mnt/nasfu2012/home/yjhao/project/CalculationMethod_RNAi/Software/OffTarget_temp/Temp_gene.fa"
FDBFinish: Empty nucleotide database...
SUCCESS: formatted database /mnt/nasfu2012/home/yjhao/project/CalculationMethod_RNAi/Software/OffTarget_temp/Temp_gene.fa

========================[ May 1, 2021  1:24 PM ]========================
Version 2.2.26 [Sep-21-2011]
Started database file "/mnt/nasfu2012/home/yjhao/project/CalculationMethod_RNAi/Software/OffTarget_temp/Temp_gene.fa"
FDBFinish: Empty nucleotide database...
SUCCESS: formatted database /mnt/nasfu2012/home/yjhao/project/CalculationMethod_RNAi/Software/OffTarget_temp/Temp_gene.fa

========================[ May 1, 2021  1:24 PM ]========================
Version 2.2.26 [Sep-21-2011]
Started database file "/mnt/nasfu2012/home/yjhao/project/CalculationMethod_RNAi/Software/OffTarget_temp/Temp_gene.fa"
FDBFinish: Empty nucleotide database...
SUCCESS: formatted database /mnt/nasfu2012/home/yjhao/project/CalculationMethod_RNAi/Software/OffTarget_temp/Temp_gene.fa

========================[ May 1, 2021  1:24 PM ]========================
Version 2.2.26 [Sep-21-2011]
Started database file "/mnt/nasfu2012/home/yjhao/project/CalculationMethod_RNAi/Software/OffTarget_temp/Temp_gene.fa"
FDBFinish: Empty nucleotide database...
SUCCESS: formatted database /mnt/nasfu2012/home/yjhao/project/CalculationMethod_RNAi/Software/OffTarget_temp/Temp_gene.fa

========================[ May 1, 2021  1:24 PM ]========================
Version 2.2.26 [Sep-21-2011]
Started database file "/mnt/nasfu2012/home/yjhao/project/CalculationMethod_RNAi/Software/OffTarget_temp/Temp_gene.fa"
FDBFinish: Empty nucleotide database...
SUCCESS: formatted database /mnt/nasfu2012/home/yjhao/project/CalculationMethod_RNAi/Software/OffTarget_temp/Temp_gene.fa

========================[ May 1, 2021  1:24 PM ]========================
Version 2.2.26 [Sep-21-2011]
Started database file "/mnt/nasfu2012/home/yjhao/project/CalculationMethod_RNAi/Software/OffTarget_temp/Temp_gene.fa"
FDBFinish: Empty nucleotide database...
SUCCESS: formatted database /mnt/nasfu2012/home/yjhao/project/CalculationMethod_RNAi/Software/OffTarget_temp/Temp_gene.fa

========================[ May 1, 2021  1:24 PM ]========================
Version 2.2.26 [Sep-21-2011]
Started database file "/mnt/nasfu2012/home/yjhao/project/CalculationMethod_RNAi/Software/OffTarget_temp/Temp_gene.fa"
FDBFinish: Empty nucleotide database...
SUCCESS: formatted database /mnt/nasfu2012/home/yjhao/project/CalculationMethod_RNAi/Software/OffTarget_temp/Temp_gene.fa

========================[ May 1, 2021  1:24 PM ]========================
Version 2.2.26 [Sep-21-2011]
Started database file "/mnt/nasfu2012/home/yjhao/project/CalculationMethod_RNAi/Software/OffTarget_temp/Temp_gene.fa"
FDBFinish: Empty nucleotide database...
SUCCESS: formatted database /mnt/nasfu2012/home/yjhao/project/CalculationMethod_RNAi/Software/OffTarget_temp/Temp_gene.fa

========================[ May 1, 2021  1:24 PM ]========================
Version 2.2.26 [Sep-21-2011]
Started database file "/mnt/nasfu2012/home/yjhao/project/CalculationMethod_RNAi/Software/OffTarget_temp/Temp_gene.fa"
FDBFinish: Empty nucleotide database...
SUCCESS: formatted database /mnt/nasfu2012/home/yjhao/project/CalculationMethod_RNAi/Software/OffTarget_temp/Temp_gene.fa

========================[ May 1, 2021  1:24 PM ]========================
Version 2.2.26 [Sep-21-2011]
Started database file "/mnt/nasfu2012/home/yjhao/project/CalculationMethod_RNAi/Software/OffTarget_temp/Temp_gene.fa"
FDBFinish: Empty nucleotide database...
SUCCESS: formatted database /mnt/nasfu2012/home/yjhao/project/CalculationMethod_RNAi/Software/OffTarget_temp/Temp_gene.fa

========================[ May 1, 2021  1:24 PM ]========================
Version 2.2.26 [Sep-21-2011]
Started database file "/mnt/nasfu2012/home/yjhao/project/CalculationMethod_RNAi/Software/OffTarget_temp/Temp_gene.fa"
FDBFinish: Empty nucleotide database...
SUCCESS: formatted database /mnt/nasfu2012/home/yjhao/project/CalculationMethod_RNAi/Software/OffTarget_temp/Temp_gene.fa

========================[ May 1, 2021  1:24 PM ]========================
Version 2.2.26 [Sep-21-2011]
Started database file "/mnt/nasfu2012/home/yjhao/project/CalculationMethod_RNAi/Software/OffTarget_temp/Temp_gene.fa"
FDBFinish: Empty nucleotide database...
SUCCESS: formatted database /mnt/nasfu2012/home/yjhao/project/CalculationMethod_RNAi/Software/OffTarget_temp/Temp_gene.fa

========================[ May 1, 2021  1:24 PM ]========================
Version 2.2.26 [Sep-21-2011]
Started database file "/mnt/nasfu2012/home/yjhao/project/CalculationMethod_RNAi/Software/OffTarget_temp/Temp_gene.fa"
FDBFinish: Empty nucleotide database...
SUCCESS: formatted database /mnt/nasfu2012/home/yjhao/project/CalculationMethod_RNAi/Software/OffTarget_temp/Temp_gene.fa

========================[ May 1, 2021  1:24 PM ]========================
Version 2.2.26 [Sep-21-2011]
Started database file "/mnt/nasfu2012/home/yjhao/project/CalculationMethod_RNAi/Software/OffTarget_temp/Temp_gene.fa"
FDBFinish: Empty nucleotide database...
SUCCESS: formatted database /mnt/nasfu2012/home/yjhao/project/CalculationMethod_RNAi/Software/OffTarget_temp/Temp_gene.fa

========================[ May 1, 2021  1:24 PM ]========================
Version 2.2.26 [Sep-21-2011]
Started database file "/mnt/nasfu2012/home/yjhao/project/CalculationMethod_RNAi/Software/OffTarget_temp/Temp_gene.fa"
FDBFinish: Empty nucleotide database...
SUCCESS: formatted database /mnt/nasfu2012/home/yjhao/project/CalculationMethod_RNAi/Software/OffTarget_temp/Temp_gene.fa

========================[ May 1, 2021  1:24 PM ]========================
Version 2.2.26 [Sep-21-2011]
Started database file "/mnt/nasfu2012/home/yjhao/project/CalculationMethod_RNAi/Software/OffTarget_temp/Temp_gene.fa"
FDBFinish: Empty nucleotide database...
SUCCESS: formatted database /mnt/nasfu2012/home/yjhao/project/CalculationMethod_RNAi/Software/OffTarget_temp/Temp_gene.fa

========================[ May 1, 2021  1:24 PM ]========================
Version 2.2.26 [Sep-21-2011]
Started database file "/mnt/nasfu2012/home/yjhao/project/CalculationMethod_RNAi/Software/OffTarget_temp/Temp_gene.fa"
FDBFinish: Empty nucleotide database...
SUCCESS: formatted database /mnt/nasfu2012/home/yjhao/project/CalculationMethod_RNAi/Software/OffTarget_temp/Temp_gene.fa

========================[ May 1, 2021  1:24 PM ]========================
Version 2.2.26 [Sep-21-2011]
Started database file "/mnt/nasfu2012/home/yjhao/project/CalculationMethod_RNAi/Software/OffTarget_temp/Temp_gene.fa"
FDBFinish: Empty nucleotide database...
SUCCESS: formatted database /mnt/nasfu2012/home/yjhao/project/CalculationMethod_RNAi/Software/OffTarget_temp/Temp_gene.fa

========================[ May 1, 2021  1:24 PM ]========================
Version 2.2.26 [Sep-21-2011]
Started database file "/mnt/nasfu2012/home/yjhao/project/CalculationMethod_RNAi/Software/OffTarget_temp/Temp_gene.fa"
FDBFinish: Empty nucleotide database...
SUCCESS: formatted database /mnt/nasfu2012/home/yjhao/project/CalculationMethod_RNAi/Software/OffTarget_temp/Temp_gene.fa

========================[ May 1, 2021  1:24 PM ]========================
Version 2.2.26 [Sep-21-2011]
Started database file "/mnt/nasfu2012/home/yjhao/project/CalculationMethod_RNAi/Software/OffTarget_temp/Temp_gene.fa"
FDBFinish: Empty nucleotide database...
SUCCESS: formatted database /mnt/nasfu2012/home/yjhao/project/CalculationMethod_RNAi/Software/OffTarget_temp/Temp_gene.fa

========================[ May 1, 2021  1:24 PM ]========================
Version 2.2.26 [Sep-21-2011]
Started database file "/mnt/nasfu2012/home/yjhao/project/CalculationMethod_RNAi/Software/OffTarget_temp/Temp_gene.fa"
FDBFinish: Empty nucleotide database...
SUCCESS: formatted database /mnt/nasfu2012/home/yjhao/project/CalculationMethod_RNAi/Software/OffTarget_temp/Temp_gene.fa

========================[ May 1, 2021  1:24 PM ]========================
Version 2.2.26 [Sep-21-2011]
Started database file "/mnt/nasfu2012/home/yjhao/project/CalculationMethod_RNAi/Software/OffTarget_temp/Temp_gene.fa"
FDBFinish: Empty nucleotide database...
SUCCESS: formatted database /mnt/nasfu2012/home/yjhao/project/CalculationMethod_RNAi/Software/OffTarget_temp/Temp_gene.fa

========================[ May 1, 2021  1:24 PM ]========================
Version 2.2.26 [Sep-21-2011]
Started database file "/mnt/nasfu2012/home/yjhao/project/CalculationMethod_RNAi/Software/OffTarget_temp/Temp_gene.fa"
FDBFinish: Empty nucleotide database...
SUCCESS: formatted database /mnt/nasfu2012/home/yjhao/project/CalculationMethod_RNAi/Software/OffTarget_temp/Temp_gene.fa

========================[ May 1, 2021  1:24 PM ]========================
Version 2.2.26 [Sep-21-2011]
Started database file "/mnt/nasfu2012/home/yjhao/project/CalculationMethod_RNAi/Software/OffTarget_temp/Temp_gene.fa"
FDBFinish: Empty nucleotide database...
SUCCESS: formatted database /mnt/nasfu2012/home/yjhao/project/CalculationMethod_RNAi/Software/OffTarget_temp/Temp_gene.fa

========================[ May 1, 2021  1:24 PM ]========================
Version 2.2.26 [Sep-21-2011]
Started database file "/mnt/nasfu2012/home/yjhao/project/CalculationMethod_RNAi/Software/OffTarget_temp/Temp_gene.fa"
FDBFinish: Empty nucleotide database...
SUCCESS: formatted database /mnt/nasfu2012/home/yjhao/project/CalculationMethod_RNAi/Software/OffTarget_temp/Temp_gene.fa

========================[ May 1, 2021  1:24 PM ]========================
Version 2.2.26 [Sep-21-2011]
Started database file "/mnt/nasfu2012/home/yjhao/project/CalculationMethod_RNAi/Software/OffTarget_temp/Temp_gene.fa"
FDBFinish: Empty nucleotide database...
SUCCESS: formatted database /mnt/nasfu2012/home/yjhao/project/CalculationMethod_RNAi/Software/OffTarget_temp/Temp_gene.fa

========================[ May 1, 2021  1:24 PM ]========================
Version 2.2.26 [Sep-21-2011]
Started database file "/mnt/nasfu2012/home/yjhao/project/CalculationMethod_RNAi/Software/OffTarget_temp/Temp_gene.fa"
FDBFinish: Empty nucleotide database...
SUCCESS: formatted database /mnt/nasfu2012/home/yjhao/project/CalculationMethod_RNAi/Software/OffTarget_temp/Temp_gene.fa

========================[ May 1, 2021  1:24 PM ]========================
Version 2.2.26 [Sep-21-2011]
Started database file "/mnt/nasfu2012/home/yjhao/project/CalculationMethod_RNAi/Software/OffTarget_temp/Temp_gene.fa"
FDBFinish: Empty nucleotide database...
SUCCESS: formatted database /mnt/nasfu2012/home/yjhao/project/CalculationMethod_RNAi/Software/OffTarget_temp/Temp_gene.fa

========================[ May 1, 2021  1:24 PM ]========================
Version 2.2.26 [Sep-21-2011]
Started database file "/mnt/nasfu2012/home/yjhao/project/CalculationMethod_RNAi/Software/OffTarget_temp/Temp_gene.fa"
FDBFinish: Empty nucleotide database...
SUCCESS: formatted database /mnt/nasfu2012/home/yjhao/project/CalculationMethod_RNAi/Software/OffTarget_temp/Temp_gene.fa

========================[ May 1, 2021  1:24 PM ]========================
Version 2.2.26 [Sep-21-2011]
Started database file "/mnt/nasfu2012/home/yjhao/project/CalculationMethod_RNAi/Software/OffTarget_temp/Temp_gene.fa"
FDBFinish: Empty nucleotide database...
SUCCESS: formatted database /mnt/nasfu2012/home/yjhao/project/CalculationMethod_RNAi/Software/OffTarget_temp/Temp_gene.fa

========================[ May 1, 2021  1:24 PM ]========================
Version 2.2.26 [Sep-21-2011]
Started database file "/mnt/nasfu2012/home/yjhao/project/CalculationMethod_RNAi/Software/OffTarget_temp/Temp_gene.fa"
FDBFinish: Empty nucleotide database...
SUCCESS: formatted database /mnt/nasfu2012/home/yjhao/project/CalculationMethod_RNAi/Software/OffTarget_temp/Temp_gene.fa

========================[ May 1, 2021  1:24 PM ]========================
Version 2.2.26 [Sep-21-2011]
Started database file "/mnt/nasfu2012/home/yjhao/project/CalculationMethod_RNAi/Software/OffTarget_temp/Temp_gene.fa"
FDBFinish: Empty nucleotide database...
SUCCESS: formatted database /mnt/nasfu2012/home/yjhao/project/CalculationMethod_RNAi/Software/OffTarget_temp/Temp_gene.fa

========================[ May 1, 2021  1:24 PM ]========================
Version 2.2.26 [Sep-21-2011]
Started database file "/mnt/nasfu2012/home/yjhao/project/CalculationMethod_RNAi/Software/OffTarget_temp/Temp_gene.fa"
FDBFinish: Empty nucleotide database...
SUCCESS: formatted database /mnt/nasfu2012/home/yjhao/project/CalculationMethod_RNAi/Software/OffTarget_temp/Temp_gene.fa

========================[ May 1, 2021  1:24 PM ]========================
Version 2.2.26 [Sep-21-2011]
Started database file "/mnt/nasfu2012/home/yjhao/project/CalculationMethod_RNAi/Software/OffTarget_temp/Temp_gene.fa"
FDBFinish: Empty nucleotide database...
SUCCESS: formatted database /mnt/nasfu2012/home/yjhao/project/CalculationMethod_RNAi/Software/OffTarget_temp/Temp_gene.fa

========================[ May 1, 2021  1:24 PM ]========================
Version 2.2.26 [Sep-21-2011]
Started database file "/mnt/nasfu2012/home/yjhao/project/CalculationMethod_RNAi/Software/OffTarget_temp/Temp_gene.fa"
FDBFinish: Empty nucleotide database...
SUCCESS: formatted database /mnt/nasfu2012/home/yjhao/project/CalculationMethod_RNAi/Software/OffTarget_temp/Temp_gene.fa

========================[ May 1, 2021  1:24 PM ]========================
Version 2.2.26 [Sep-21-2011]
Started database file "/mnt/nasfu2012/home/yjhao/project/CalculationMethod_RNAi/Software/OffTarget_temp/Temp_gene.fa"
FDBFinish: Empty nucleotide database...
SUCCESS: formatted database /mnt/nasfu2012/home/yjhao/project/CalculationMethod_RNAi/Software/OffTarget_temp/Temp_gene.fa

========================[ May 1, 2021  1:24 PM ]========================
Version 2.2.26 [Sep-21-2011]
Started database file "/mnt/nasfu2012/home/yjhao/project/CalculationMethod_RNAi/Software/OffTarget_temp/Temp_gene.fa"
FDBFinish: Empty nucleotide database...
SUCCESS: formatted database /mnt/nasfu2012/home/yjhao/project/CalculationMethod_RNAi/Software/OffTarget_temp/Temp_gene.fa

========================[ May 1, 2021  1:24 PM ]========================
Version 2.2.26 [Sep-21-2011]
Started database file "/mnt/nasfu2012/home/yjhao/project/CalculationMethod_RNAi/Software/OffTarget_temp/Temp_gene.fa"
FDBFinish: Empty nucleotide database...
SUCCESS: formatted database /mnt/nasfu2012/home/yjhao/project/CalculationMethod_RNAi/Software/OffTarget_temp/Temp_gene.fa

========================[ May 1, 2021  1:24 PM ]========================
Version 2.2.26 [Sep-21-2011]
Started database file "/mnt/nasfu2012/home/yjhao/project/CalculationMethod_RNAi/Software/OffTarget_temp/Temp_gene.fa"
FDBFinish: Empty nucleotide database...
SUCCESS: formatted database /mnt/nasfu2012/home/yjhao/project/CalculationMethod_RNAi/Software/OffTarget_temp/Temp_gene.fa

========================[ May 1, 2021  1:24 PM ]========================
Version 2.2.26 [Sep-21-2011]
Started database file "/mnt/nasfu2012/home/yjhao/project/CalculationMethod_RNAi/Software/OffTarget_temp/Temp_gene.fa"
FDBFinish: Empty nucleotide database...
SUCCESS: formatted database /mnt/nasfu2012/home/yjhao/project/CalculationMethod_RNAi/Software/OffTarget_temp/Temp_gene.fa

========================[ May 1, 2021  1:24 PM ]========================
Version 2.2.26 [Sep-21-2011]
Started database file "/mnt/nasfu2012/home/yjhao/project/CalculationMethod_RNAi/Software/OffTarget_temp/Temp_gene.fa"
FDBFinish: Empty nucleotide database...
SUCCESS: formatted database /mnt/nasfu2012/home/yjhao/project/CalculationMethod_RNAi/Software/OffTarget_temp/Temp_gene.fa

========================[ May 1, 2021  1:24 PM ]========================
Version 2.2.26 [Sep-21-2011]
Started database file "/mnt/nasfu2012/home/yjhao/project/CalculationMethod_RNAi/Software/OffTarget_temp/Temp_gene.fa"
FDBFinish: Empty nucleotide database...
SUCCESS: formatted database /mnt/nasfu2012/home/yjhao/project/CalculationMethod_RNAi/Software/OffTarget_temp/Temp_gene.fa

========================[ May 1, 2021  1:24 PM ]========================
Version 2.2.26 [Sep-21-2011]
Started database file "/mnt/nasfu2012/home/yjhao/project/CalculationMethod_RNAi/Software/OffTarget_temp/Temp_gene.fa"
FDBFinish: Empty nucleotide database...
SUCCESS: formatted database /mnt/nasfu2012/home/yjhao/project/CalculationMethod_RNAi/Software/OffTarget_temp/Temp_gene.fa

========================[ May 1, 2021  1:24 PM ]========================
Version 2.2.26 [Sep-21-2011]
Started database file "/mnt/nasfu2012/home/yjhao/project/CalculationMethod_RNAi/Software/OffTarget_temp/Temp_gene.fa"
FDBFinish: Empty nucleotide database...
SUCCESS: formatted database /mnt/nasfu2012/home/yjhao/project/CalculationMethod_RNAi/Software/OffTarget_temp/Temp_gene.fa

========================[ May 1, 2021  1:24 PM ]========================
Version 2.2.26 [Sep-21-2011]
Started database file "/mnt/nasfu2012/home/yjhao/project/CalculationMethod_RNAi/Software/OffTarget_temp/Temp_gene.fa"
FDBFinish: Empty nucleotide database...
SUCCESS: formatted database /mnt/nasfu2012/home/yjhao/project/CalculationMethod_RNAi/Software/OffTarget_temp/Temp_gene.fa

========================[ May 1, 2021  1:24 PM ]========================
Version 2.2.26 [Sep-21-2011]
Started database file "/mnt/nasfu2012/home/yjhao/project/CalculationMethod_RNAi/Software/OffTarget_temp/Temp_gene.fa"
FDBFinish: Empty nucleotide database...
SUCCESS: formatted database /mnt/nasfu2012/home/yjhao/project/CalculationMethod_RNAi/Software/OffTarget_temp/Temp_gene.fa

========================[ May 1, 2021  1:24 PM ]========================
Version 2.2.26 [Sep-21-2011]
Started database file "/mnt/nasfu2012/home/yjhao/project/CalculationMethod_RNAi/Software/OffTarget_temp/Temp_gene.fa"
FDBFinish: Empty nucleotide database...
SUCCESS: formatted database /mnt/nasfu2012/home/yjhao/project/CalculationMethod_RNAi/Software/OffTarget_temp/Temp_gene.fa

========================[ May 1, 2021  1:25 PM ]========================
Version 2.2.26 [Sep-21-2011]
Started database file "/mnt/nasfu2012/home/yjhao/project/CalculationMethod_RNAi/Software/OffTarget_temp/Temp_gene.fa"
FDBFinish: Empty nucleotide database...
SUCCESS: formatted database /mnt/nasfu2012/home/yjhao/project/CalculationMethod_RNAi/Software/OffTarget_temp/Temp_gene.fa

========================[ May 1, 2021  1:25 PM ]========================
Version 2.2.26 [Sep-21-2011]
Started database file "/mnt/nasfu2012/home/yjhao/project/CalculationMethod_RNAi/Software/OffTarget_temp/Temp_gene.fa"
FDBFinish: Empty nucleotide database...
SUCCESS: formatted database /mnt/nasfu2012/home/yjhao/project/CalculationMethod_RNAi/Software/OffTarget_temp/Temp_gene.fa

========================[ May 1, 2021  1:25 PM ]========================
Version 2.2.26 [Sep-21-2011]
Started database file "/mnt/nasfu2012/home/yjhao/project/CalculationMethod_RNAi/Software/OffTarget_temp/Temp_gene.fa"
FDBFinish: Empty nucleotide database...
SUCCESS: formatted database /mnt/nasfu2012/home/yjhao/project/CalculationMethod_RNAi/Software/OffTarget_temp/Temp_gene.fa

========================[ May 1, 2021  1:25 PM ]========================
Version 2.2.26 [Sep-21-2011]
Started database file "/mnt/nasfu2012/home/yjhao/project/CalculationMethod_RNAi/Software/OffTarget_temp/Temp_gene.fa"
FDBFinish: Empty nucleotide database...
SUCCESS: formatted database /mnt/nasfu2012/home/yjhao/project/CalculationMethod_RNAi/Software/OffTarget_temp/Temp_gene.fa

========================[ May 1, 2021  1:25 PM ]========================
Version 2.2.26 [Sep-21-2011]
Started database file "/mnt/nasfu2012/home/yjhao/project/CalculationMethod_RNAi/Software/OffTarget_temp/Temp_gene.fa"
FDBFinish: Empty nucleotide database...
SUCCESS: formatted database /mnt/nasfu2012/home/yjhao/project/CalculationMethod_RNAi/Software/OffTarget_temp/Temp_gene.fa

========================[ May 1, 2021  1:25 PM ]========================
Version 2.2.26 [Sep-21-2011]
Started database file "/mnt/nasfu2012/home/yjhao/project/CalculationMethod_RNAi/Software/OffTarget_temp/Temp_gene.fa"
FDBFinish: Empty nucleotide database...
SUCCESS: formatted database /mnt/nasfu2012/home/yjhao/project/CalculationMethod_RNAi/Software/OffTarget_temp/Temp_gene.fa

========================[ May 1, 2021  1:25 PM ]========================
Version 2.2.26 [Sep-21-2011]
Started database file "/mnt/nasfu2012/home/yjhao/project/CalculationMethod_RNAi/Software/OffTarget_temp/Temp_gene.fa"
FDBFinish: Empty nucleotide database...
SUCCESS: formatted database /mnt/nasfu2012/home/yjhao/project/CalculationMethod_RNAi/Software/OffTarget_temp/Temp_gene.fa

========================[ May 1, 2021  1:25 PM ]========================
Version 2.2.26 [Sep-21-2011]
Started database file "/mnt/nasfu2012/home/yjhao/project/CalculationMethod_RNAi/Software/OffTarget_temp/Temp_gene.fa"
FDBFinish: Empty nucleotide database...
SUCCESS: formatted database /mnt/nasfu2012/home/yjhao/project/CalculationMethod_RNAi/Software/OffTarget_temp/Temp_gene.fa

========================[ May 1, 2021  1:25 PM ]========================
Version 2.2.26 [Sep-21-2011]
Started database file "/mnt/nasfu2012/home/yjhao/project/CalculationMethod_RNAi/Software/OffTarget_temp/Temp_gene.fa"
FDBFinish: Empty nucleotide database...
SUCCESS: formatted database /mnt/nasfu2012/home/yjhao/project/CalculationMethod_RNAi/Software/OffTarget_temp/Temp_gene.fa

========================[ May 1, 2021  1:25 PM ]========================
Version 2.2.26 [Sep-21-2011]
Started database file "/mnt/nasfu2012/home/yjhao/project/CalculationMethod_RNAi/Software/OffTarget_temp/Temp_gene.fa"
FDBFinish: Empty nucleotide database...
SUCCESS: formatted database /mnt/nasfu2012/home/yjhao/project/CalculationMethod_RNAi/Software/OffTarget_temp/Temp_gene.fa

========================[ May 1, 2021  1:25 PM ]========================
Version 2.2.26 [Sep-21-2011]
Started database file "/mnt/nasfu2012/home/yjhao/project/CalculationMethod_RNAi/Software/OffTarget_temp/Temp_gene.fa"
FDBFinish: Empty nucleotide database...
SUCCESS: formatted database /mnt/nasfu2012/home/yjhao/project/CalculationMethod_RNAi/Software/OffTarget_temp/Temp_gene.fa

========================[ May 1, 2021  1:25 PM ]========================
Version 2.2.26 [Sep-21-2011]
Started database file "/mnt/nasfu2012/home/yjhao/project/CalculationMethod_RNAi/Software/OffTarget_temp/Temp_gene.fa"
FDBFinish: Empty nucleotide database...
SUCCESS: formatted database /mnt/nasfu2012/home/yjhao/project/CalculationMethod_RNAi/Software/OffTarget_temp/Temp_gene.fa

========================[ May 17, 2021  2:05 PM ]========================
Version 2.2.26 [Sep-21-2011]
Started database file "../output_example/Hits/OffT_gene.fa"
FDBFinish: Empty nucleotide database...
SUCCESS: formatted database ../output_example/Hits/OffT_gene.fa

========================[ May 17, 2021  2:05 PM ]========================
Version 2.2.26 [Sep-21-2011]
Started database file "../output_example/Hits/OffT_gene.fa"
FDBFinish: Empty nucleotide database...
SUCCESS: formatted database ../output_example/Hits/OffT_gene.fa

========================[ May 17, 2021  2:05 PM ]========================
Version 2.2.26 [Sep-21-2011]
Started database file "../output_example/Hits/OffT_gene.fa"
Formatted 74 sequences in volume 0
SUCCESS: formatted database ../output_example/Hits/OffT_gene.fa

========================[ May 17, 2021  2:05 PM ]========================
Version 2.2.26 [Sep-21-2011]
Started database file "../output_example/Hits/OffT_gene.fa"
FDBFinish: Empty nucleotide database...
SUCCESS: formatted database ../output_example/Hits/OffT_gene.fa

========================[ May 17, 2021  2:05 PM ]========================
Version 2.2.26 [Sep-21-2011]
Started database file "../output_example/Hits/OffT_gene.fa"
Formatted 22 sequences in volume 0
SUCCESS: formatted database ../output_example/Hits/OffT_gene.fa

========================[ May 17, 2021  2:05 PM ]========================
Version 2.2.26 [Sep-21-2011]
Started database file "../output_example/Hits/OffT_gene.fa"
FDBFinish: Empty nucleotide database...
SUCCESS: formatted database ../output_example/Hits/OffT_gene.fa

========================[ May 17, 2021  2:05 PM ]========================
Version 2.2.26 [Sep-21-2011]
Started database file "../output_example/Hits/OffT_gene.fa"
Formatted 1 sequences in volume 0
SUCCESS: formatted database ../output_example/Hits/OffT_gene.fa

========================[ May 17, 2021  2:05 PM ]========================
Version 2.2.26 [Sep-21-2011]
Started database file "../output_example/Hits/OffT_gene.fa"
Formatted 6 sequences in volume 0
SUCCESS: formatted database ../output_example/Hits/OffT_gene.fa

========================[ May 17, 2021  2:05 PM ]========================
Version 2.2.26 [Sep-21-2011]
Started database file "../output_example/Hits/OffT_gene.fa"
Formatted 21 sequences in volume 0
SUCCESS: formatted database ../output_example/Hits/OffT_gene.fa

========================[ May 17, 2021  2:05 PM ]========================
Version 2.2.26 [Sep-21-2011]
Started database file "../output_example/Hits/OffT_gene.fa"
FDBFinish: Empty nucleotide database...
SUCCESS: formatted database ../output_example/Hits/OffT_gene.fa

========================[ May 17, 2021  2:06 PM ]========================
Version 2.2.26 [Sep-21-2011]
Started database file "../output_example/Hits/OffT_gene.fa"
Formatted 10 sequences in volume 0
SUCCESS: formatted database ../output_example/Hits/OffT_gene.fa

========================[ May 17, 2021  2:06 PM ]========================
Version 2.2.26 [Sep-21-2011]
Started database file "../output_example/Hits/OffT_gene.fa"
Formatted 1 sequences in volume 0
SUCCESS: formatted database ../output_example/Hits/OffT_gene.fa

========================[ May 17, 2021  2:06 PM ]========================
Version 2.2.26 [Sep-21-2011]
Started database file "../output_example/Hits/OffT_gene.fa"
FDBFinish: Empty nucleotide database...
SUCCESS: formatted database ../output_example/Hits/OffT_gene.fa

========================[ May 17, 2021  2:06 PM ]========================
Version 2.2.26 [Sep-21-2011]
Started database file "../output_example/Hits/OffT_gene.fa"
Formatted 33 sequences in volume 0
SUCCESS: formatted database ../output_example/Hits/OffT_gene.fa

========================[ May 17, 2021  2:06 PM ]========================
Version 2.2.26 [Sep-21-2011]
Started database file "../output_example/Hits/OffT_gene.fa"
FDBFinish: Empty nucleotide database...
SUCCESS: formatted database ../output_example/Hits/OffT_gene.fa

========================[ May 17, 2021  2:06 PM ]========================
Version 2.2.26 [Sep-21-2011]
Started database file "../output_example/Hits/OffT_gene.fa"
Formatted 17 sequences in volume 0
SUCCESS: formatted database ../output_example/Hits/OffT_gene.fa

========================[ May 17, 2021  2:06 PM ]========================
Version 2.2.26 [Sep-21-2011]
Started database file "../output_example/Hits/OffT_gene.fa"
Formatted 70 sequences in volume 0
SUCCESS: formatted database ../output_example/Hits/OffT_gene.fa

========================[ May 17, 2021  2:06 PM ]========================
Version 2.2.26 [Sep-21-2011]
Started database file "../output_example/Hits/OffT_gene.fa"
Formatted 15 sequences in volume 0
SUCCESS: formatted database ../output_example/Hits/OffT_gene.fa

========================[ May 17, 2021  2:06 PM ]========================
Version 2.2.26 [Sep-21-2011]
Started database file "../output_example/Hits/OffT_gene.fa"
FDBFinish: Empty nucleotide database...
SUCCESS: formatted database ../output_example/Hits/OffT_gene.fa

========================[ May 17, 2021  2:06 PM ]========================
Version 2.2.26 [Sep-21-2011]
Started database file "../output_example/Hits/OffT_gene.fa"
FDBFinish: Empty nucleotide database...
SUCCESS: formatted database ../output_example/Hits/OffT_gene.fa

========================[ May 17, 2021  2:06 PM ]========================
Version 2.2.26 [Sep-21-2011]
Started database file "../output_example/Hits/OffT_gene.fa"
FDBFinish: Empty nucleotide database...
SUCCESS: formatted database ../output_example/Hits/OffT_gene.fa

========================[ May 17, 2021  2:06 PM ]========================
Version 2.2.26 [Sep-21-2011]
Started database file "../output_example/Hits/OffT_gene.fa"
FDBFinish: Empty nucleotide database...
SUCCESS: formatted database ../output_example/Hits/OffT_gene.fa

========================[ May 17, 2021  2:06 PM ]========================
Version 2.2.26 [Sep-21-2011]
Started database file "../output_example/Hits/OffT_gene.fa"
FDBFinish: Empty nucleotide database...
SUCCESS: formatted database ../output_example/Hits/OffT_gene.fa

========================[ May 17, 2021  2:06 PM ]========================
Version 2.2.26 [Sep-21-2011]
Started database file "../output_example/Hits/OffT_gene.fa"
Formatted 3 sequences in volume 0
SUCCESS: formatted database ../output_example/Hits/OffT_gene.fa

========================[ May 17, 2021  2:06 PM ]========================
Version 2.2.26 [Sep-21-2011]
Started database file "../output_example/Hits/OffT_gene.fa"
Formatted 4 sequences in volume 0
SUCCESS: formatted database ../output_example/Hits/OffT_gene.fa

========================[ May 17, 2021  2:06 PM ]========================
Version 2.2.26 [Sep-21-2011]
Started database file "../output_example/Hits/OffT_gene.fa"
Formatted 8 sequences in volume 0
SUCCESS: formatted database ../output_example/Hits/OffT_gene.fa

========================[ May 17, 2021  2:06 PM ]========================
Version 2.2.26 [Sep-21-2011]
Started database file "../output_example/Hits/OffT_gene.fa"
Formatted 9 sequences in volume 0
SUCCESS: formatted database ../output_example/Hits/OffT_gene.fa

========================[ May 17, 2021  2:06 PM ]========================
Version 2.2.26 [Sep-21-2011]
Started database file "../output_example/Hits/OffT_gene.fa"
FDBFinish: Empty nucleotide database...
SUCCESS: formatted database ../output_example/Hits/OffT_gene.fa

========================[ May 17, 2021  2:06 PM ]========================
Version 2.2.26 [Sep-21-2011]
Started database file "../output_example/Hits/OffT_gene.fa"
Formatted 46 sequences in volume 0
SUCCESS: formatted database ../output_example/Hits/OffT_gene.fa

========================[ May 17, 2021  2:06 PM ]========================
Version 2.2.26 [Sep-21-2011]
Started database file "../output_example/Hits/OffT_gene.fa"
Formatted 23 sequences in volume 0
SUCCESS: formatted database ../output_example/Hits/OffT_gene.fa

========================[ May 17, 2021  2:06 PM ]========================
Version 2.2.26 [Sep-21-2011]
Started database file "../output_example/Hits/OffT_gene.fa"
Formatted 24 sequences in volume 0
SUCCESS: formatted database ../output_example/Hits/OffT_gene.fa

========================[ May 17, 2021  2:06 PM ]========================
Version 2.2.26 [Sep-21-2011]
Started database file "../output_example/Hits/OffT_gene.fa"
FDBFinish: Empty nucleotide database...
SUCCESS: formatted database ../output_example/Hits/OffT_gene.fa

========================[ May 17, 2021  2:06 PM ]========================
Version 2.2.26 [Sep-21-2011]
Started database file "../output_example/Hits/OffT_gene.fa"
Formatted 30 sequences in volume 0
SUCCESS: formatted database ../output_example/Hits/OffT_gene.fa

========================[ May 17, 2021  2:06 PM ]========================
Version 2.2.26 [Sep-21-2011]
Started database file "../output_example/Hits/OffT_gene.fa"
Formatted 7 sequences in volume 0
SUCCESS: formatted database ../output_example/Hits/OffT_gene.fa

========================[ May 17, 2021  2:06 PM ]========================
Version 2.2.26 [Sep-21-2011]
Started database file "../output_example/Hits/OffT_gene.fa"
FDBFinish: Empty nucleotide database...
SUCCESS: formatted database ../output_example/Hits/OffT_gene.fa

========================[ May 17, 2021  2:06 PM ]========================
Version 2.2.26 [Sep-21-2011]
Started database file "../output_example/Hits/OffT_gene.fa"
Formatted 8 sequences in volume 0
SUCCESS: formatted database ../output_example/Hits/OffT_gene.fa

========================[ May 17, 2021  2:06 PM ]========================
Version 2.2.26 [Sep-21-2011]
Started database file "../output_example/Hits/OffT_gene.fa"
Formatted 97 sequences in volume 0
SUCCESS: formatted database ../output_example/Hits/OffT_gene.fa

========================[ May 17, 2021  2:06 PM ]========================
Version 2.2.26 [Sep-21-2011]
Started database file "../output_example/Hits/OffT_gene.fa"
FDBFinish: Empty nucleotide database...
SUCCESS: formatted database ../output_example/Hits/OffT_gene.fa

========================[ May 17, 2021  2:06 PM ]========================
Version 2.2.26 [Sep-21-2011]
Started database file "../output_example/Hits/OffT_gene.fa"
FDBFinish: Empty nucleotide database...
SUCCESS: formatted database ../output_example/Hits/OffT_gene.fa

========================[ May 17, 2021  2:06 PM ]========================
Version 2.2.26 [Sep-21-2011]
Started database file "../output_example/Hits/OffT_gene.fa"
FDBFinish: Empty nucleotide database...
SUCCESS: formatted database ../output_example/Hits/OffT_gene.fa

========================[ May 17, 2021  2:06 PM ]========================
Version 2.2.26 [Sep-21-2011]
Started database file "../output_example/Hits/OffT_gene.fa"
Formatted 44 sequences in volume 0
SUCCESS: formatted database ../output_example/Hits/OffT_gene.fa

========================[ May 17, 2021  2:06 PM ]========================
Version 2.2.26 [Sep-21-2011]
Started database file "../output_example/Hits/OffT_gene.fa"
FDBFinish: Empty nucleotide database...
SUCCESS: formatted database ../output_example/Hits/OffT_gene.fa

========================[ May 17, 2021  2:06 PM ]========================
Version 2.2.26 [Sep-21-2011]
Started database file "../output_example/Hits/OffT_gene.fa"
FDBFinish: Empty nucleotide database...
SUCCESS: formatted database ../output_example/Hits/OffT_gene.fa

========================[ May 17, 2021  2:06 PM ]========================
Version 2.2.26 [Sep-21-2011]
Started database file "../output_example/Hits/OffT_gene.fa"
Formatted 92 sequences in volume 0
SUCCESS: formatted database ../output_example/Hits/OffT_gene.fa

========================[ May 17, 2021  2:06 PM ]========================
Version 2.2.26 [Sep-21-2011]
Started database file "../output_example/Hits/OffT_gene.fa"
FDBFinish: Empty nucleotide database...
SUCCESS: formatted database ../output_example/Hits/OffT_gene.fa

========================[ May 17, 2021  2:06 PM ]========================
Version 2.2.26 [Sep-21-2011]
Started database file "../output_example/Hits/OffT_gene.fa"
Formatted 6 sequences in volume 0
SUCCESS: formatted database ../output_example/Hits/OffT_gene.fa

========================[ May 17, 2021  2:06 PM ]========================
Version 2.2.26 [Sep-21-2011]
Started database file "../output_example/Hits/OffT_gene.fa"
FDBFinish: Empty nucleotide database...
SUCCESS: formatted database ../output_example/Hits/OffT_gene.fa

========================[ May 17, 2021  2:06 PM ]========================
Version 2.2.26 [Sep-21-2011]
Started database file "../output_example/Hits/OffT_gene.fa"
Formatted 64 sequences in volume 0
SUCCESS: formatted database ../output_example/Hits/OffT_gene.fa

========================[ May 17, 2021  2:06 PM ]========================
Version 2.2.26 [Sep-21-2011]
Started database file "../output_example/Hits/OffT_gene.fa"
FDBFinish: Empty nucleotide database...
SUCCESS: formatted database ../output_example/Hits/OffT_gene.fa

========================[ May 17, 2021  2:06 PM ]========================
Version 2.2.26 [Sep-21-2011]
Started database file "../output_example/Hits/OffT_gene.fa"
FDBFinish: Empty nucleotide database...
SUCCESS: formatted database ../output_example/Hits/OffT_gene.fa

========================[ May 17, 2021  2:06 PM ]========================
Version 2.2.26 [Sep-21-2011]
Started database file "../output_example/Hits/OffT_gene.fa"
FDBFinish: Empty nucleotide database...
SUCCESS: formatted database ../output_example/Hits/OffT_gene.fa

========================[ May 17, 2021  2:06 PM ]========================
Version 2.2.26 [Sep-21-2011]
Started database file "../output_example/Hits/OffT_gene.fa"
Formatted 31 sequences in volume 0
SUCCESS: formatted database ../output_example/Hits/OffT_gene.fa

========================[ May 17, 2021  2:06 PM ]========================
Version 2.2.26 [Sep-21-2011]
Started database file "../output_example/Hits/OffT_gene.fa"
Formatted 143 sequences in volume 0
SUCCESS: formatted database ../output_example/Hits/OffT_gene.fa

========================[ May 17, 2021  2:06 PM ]========================
Version 2.2.26 [Sep-21-2011]
Started database file "../output_example/Hits/OffT_gene.fa"
FDBFinish: Empty nucleotide database...
SUCCESS: formatted database ../output_example/Hits/OffT_gene.fa

========================[ May 17, 2021  2:06 PM ]========================
Version 2.2.26 [Sep-21-2011]
Started database file "../output_example/Hits/OffT_gene.fa"
Formatted 131 sequences in volume 0
SUCCESS: formatted database ../output_example/Hits/OffT_gene.fa

========================[ May 17, 2021  2:06 PM ]========================
Version 2.2.26 [Sep-21-2011]
Started database file "../output_example/Hits/OffT_gene.fa"
Formatted 163 sequences in volume 0
SUCCESS: formatted database ../output_example/Hits/OffT_gene.fa

========================[ May 17, 2021  2:06 PM ]========================
Version 2.2.26 [Sep-21-2011]
Started database file "../output_example/Hits/OffT_gene.fa"
FDBFinish: Empty nucleotide database...
SUCCESS: formatted database ../output_example/Hits/OffT_gene.fa

========================[ May 17, 2021  2:06 PM ]========================
Version 2.2.26 [Sep-21-2011]
Started database file "../output_example/Hits/OffT_gene.fa"
Formatted 47 sequences in volume 0
SUCCESS: formatted database ../output_example/Hits/OffT_gene.fa

========================[ May 17, 2021  2:06 PM ]========================
Version 2.2.26 [Sep-21-2011]
Started database file "../output_example/Hits/OffT_gene.fa"
FDBFinish: Empty nucleotide database...
SUCCESS: formatted database ../output_example/Hits/OffT_gene.fa

========================[ May 17, 2021  2:06 PM ]========================
Version 2.2.26 [Sep-21-2011]
Started database file "../output_example/Hits/OffT_gene.fa"
FDBFinish: Empty nucleotide database...
SUCCESS: formatted database ../output_example/Hits/OffT_gene.fa

========================[ May 17, 2021  2:06 PM ]========================
Version 2.2.26 [Sep-21-2011]
Started database file "../output_example/Hits/OffT_gene.fa"
Formatted 92 sequences in volume 0
SUCCESS: formatted database ../output_example/Hits/OffT_gene.fa

========================[ May 17, 2021  2:06 PM ]========================
Version 2.2.26 [Sep-21-2011]
Started database file "../output_example/Hits/OffT_gene.fa"
FDBFinish: Empty nucleotide database...
SUCCESS: formatted database ../output_example/Hits/OffT_gene.fa

========================[ May 17, 2021  2:06 PM ]========================
Version 2.2.26 [Sep-21-2011]
Started database file "../output_example/Hits/OffT_gene.fa"
Formatted 189 sequences in volume 0
SUCCESS: formatted database ../output_example/Hits/OffT_gene.fa

========================[ May 17, 2021  2:06 PM ]========================
Version 2.2.26 [Sep-21-2011]
Started database file "../output_example/Hits/OffT_gene.fa"
FDBFinish: Empty nucleotide database...
SUCCESS: formatted database ../output_example/Hits/OffT_gene.fa

========================[ May 17, 2021  2:06 PM ]========================
Version 2.2.26 [Sep-21-2011]
Started database file "../output_example/Hits/OffT_gene.fa"
Formatted 36 sequences in volume 0
SUCCESS: formatted database ../output_example/Hits/OffT_gene.fa

========================[ May 17, 2021  2:06 PM ]========================
Version 2.2.26 [Sep-21-2011]
Started database file "../output_example/Hits/OffT_gene.fa"
Formatted 11 sequences in volume 0
SUCCESS: formatted database ../output_example/Hits/OffT_gene.fa

========================[ May 17, 2021  2:06 PM ]========================
Version 2.2.26 [Sep-21-2011]
Started database file "../output_example/Hits/OffT_gene.fa"
FDBFinish: Empty nucleotide database...
SUCCESS: formatted database ../output_example/Hits/OffT_gene.fa

========================[ May 17, 2021  2:06 PM ]========================
Version 2.2.26 [Sep-21-2011]
Started database file "../output_example/Hits/OffT_gene.fa"
Formatted 25 sequences in volume 0
SUCCESS: formatted database ../output_example/Hits/OffT_gene.fa

========================[ May 17, 2021  2:06 PM ]========================
Version 2.2.26 [Sep-21-2011]
Started database file "../output_example/Hits/OffT_gene.fa"
FDBFinish: Empty nucleotide database...
SUCCESS: formatted database ../output_example/Hits/OffT_gene.fa

========================[ May 17, 2021  2:06 PM ]========================
Version 2.2.26 [Sep-21-2011]
Started database file "../output_example/Hits/OffT_gene.fa"
Formatted 30 sequences in volume 0
SUCCESS: formatted database ../output_example/Hits/OffT_gene.fa

========================[ May 17, 2021  2:06 PM ]========================
Version 2.2.26 [Sep-21-2011]
Started database file "../output_example/Hits/OffT_gene.fa"
FDBFinish: Empty nucleotide database...
SUCCESS: formatted database ../output_example/Hits/OffT_gene.fa

========================[ May 17, 2021  2:06 PM ]========================
Version 2.2.26 [Sep-21-2011]
Started database file "../output_example/Hits/OffT_gene.fa"
Formatted 3 sequences in volume 0
SUCCESS: formatted database ../output_example/Hits/OffT_gene.fa

========================[ May 17, 2021  2:06 PM ]========================
Version 2.2.26 [Sep-21-2011]
Started database file "../output_example/Hits/OffT_gene.fa"
FDBFinish: Empty nucleotide database...
SUCCESS: formatted database ../output_example/Hits/OffT_gene.fa

========================[ May 17, 2021  2:06 PM ]========================
Version 2.2.26 [Sep-21-2011]
Started database file "../output_example/Hits/OffT_gene.fa"
Formatted 210 sequences in volume 0
SUCCESS: formatted database ../output_example/Hits/OffT_gene.fa

========================[ May 17, 2021  2:06 PM ]========================
Version 2.2.26 [Sep-21-2011]
Started database file "../output_example/Hits/OffT_gene.fa"
FDBFinish: Empty nucleotide database...
SUCCESS: formatted database ../output_example/Hits/OffT_gene.fa

========================[ May 17, 2021  2:37 PM ]========================
Version 2.2.26 [Sep-21-2011]
Started database file "../output_example/Hits/OffT_gene.fa"
Formatted 74 sequences in volume 0
SUCCESS: formatted database ../output_example/Hits/OffT_gene.fa

========================[ May 17, 2021  2:37 PM ]========================
Version 2.2.26 [Sep-21-2011]
Started database file "../output_example/Hits/OffT_gene.fa"
Formatted 22 sequences in volume 0
SUCCESS: formatted database ../output_example/Hits/OffT_gene.fa

========================[ May 17, 2021  2:37 PM ]========================
Version 2.2.26 [Sep-21-2011]
Started database file "../output_example/Hits/OffT_gene.fa"
Formatted 1 sequences in volume 0
SUCCESS: formatted database ../output_example/Hits/OffT_gene.fa

========================[ May 17, 2021  2:37 PM ]========================
Version 2.2.26 [Sep-21-2011]
Started database file "../output_example/Hits/OffT_gene.fa"
Formatted 6 sequences in volume 0
SUCCESS: formatted database ../output_example/Hits/OffT_gene.fa

========================[ May 17, 2021  2:37 PM ]========================
Version 2.2.26 [Sep-21-2011]
Started database file "../output_example/Hits/OffT_gene.fa"
Formatted 21 sequences in volume 0
SUCCESS: formatted database ../output_example/Hits/OffT_gene.fa

========================[ May 17, 2021  2:37 PM ]========================
Version 2.2.26 [Sep-21-2011]
Started database file "../output_example/Hits/OffT_gene.fa"
FDBFinish: Empty nucleotide database...
SUCCESS: formatted database ../output_example/Hits/OffT_gene.fa

========================[ May 17, 2021  2:37 PM ]========================
Version 2.2.26 [Sep-21-2011]
Started database file "../output_example/Hits/OffT_gene.fa"
Formatted 10 sequences in volume 0
SUCCESS: formatted database ../output_example/Hits/OffT_gene.fa

========================[ May 17, 2021  2:37 PM ]========================
Version 2.2.26 [Sep-21-2011]
Started database file "../output_example/Hits/OffT_gene.fa"
Formatted 1 sequences in volume 0
SUCCESS: formatted database ../output_example/Hits/OffT_gene.fa

========================[ May 17, 2021  2:37 PM ]========================
Version 2.2.26 [Sep-21-2011]
Started database file "../output_example/Hits/OffT_gene.fa"
Formatted 33 sequences in volume 0
SUCCESS: formatted database ../output_example/Hits/OffT_gene.fa

========================[ May 17, 2021  2:37 PM ]========================
Version 2.2.26 [Sep-21-2011]
Started database file "../output_example/Hits/OffT_gene.fa"
Formatted 17 sequences in volume 0
SUCCESS: formatted database ../output_example/Hits/OffT_gene.fa

========================[ May 17, 2021  2:37 PM ]========================
Version 2.2.26 [Sep-21-2011]
Started database file "../output_example/Hits/OffT_gene.fa"
Formatted 70 sequences in volume 0
SUCCESS: formatted database ../output_example/Hits/OffT_gene.fa

========================[ May 17, 2021  2:37 PM ]========================
Version 2.2.26 [Sep-21-2011]
Started database file "../output_example/Hits/OffT_gene.fa"
Formatted 15 sequences in volume 0
SUCCESS: formatted database ../output_example/Hits/OffT_gene.fa

========================[ May 17, 2021  2:37 PM ]========================
Version 2.2.26 [Sep-21-2011]
Started database file "../output_example/Hits/OffT_gene.fa"
Formatted 3 sequences in volume 0
SUCCESS: formatted database ../output_example/Hits/OffT_gene.fa

========================[ May 17, 2021  2:37 PM ]========================
Version 2.2.26 [Sep-21-2011]
Started database file "../output_example/Hits/OffT_gene.fa"
Formatted 4 sequences in volume 0
SUCCESS: formatted database ../output_example/Hits/OffT_gene.fa

========================[ May 17, 2021  2:37 PM ]========================
Version 2.2.26 [Sep-21-2011]
Started database file "../output_example/Hits/OffT_gene.fa"
Formatted 8 sequences in volume 0
SUCCESS: formatted database ../output_example/Hits/OffT_gene.fa

========================[ May 17, 2021  2:37 PM ]========================
Version 2.2.26 [Sep-21-2011]
Started database file "../output_example/Hits/OffT_gene.fa"
Formatted 9 sequences in volume 0
SUCCESS: formatted database ../output_example/Hits/OffT_gene.fa

========================[ May 17, 2021  2:37 PM ]========================
Version 2.2.26 [Sep-21-2011]
Started database file "../output_example/Hits/OffT_gene.fa"
Formatted 46 sequences in volume 0
SUCCESS: formatted database ../output_example/Hits/OffT_gene.fa

========================[ May 17, 2021  2:37 PM ]========================
Version 2.2.26 [Sep-21-2011]
Started database file "../output_example/Hits/OffT_gene.fa"
Formatted 23 sequences in volume 0
SUCCESS: formatted database ../output_example/Hits/OffT_gene.fa

========================[ May 17, 2021  2:37 PM ]========================
Version 2.2.26 [Sep-21-2011]
Started database file "../output_example/Hits/OffT_gene.fa"
Formatted 24 sequences in volume 0
SUCCESS: formatted database ../output_example/Hits/OffT_gene.fa

========================[ May 17, 2021  2:37 PM ]========================
Version 2.2.26 [Sep-21-2011]
Started database file "../output_example/Hits/OffT_gene.fa"
FDBFinish: Empty nucleotide database...
SUCCESS: formatted database ../output_example/Hits/OffT_gene.fa

========================[ May 17, 2021  2:37 PM ]========================
Version 2.2.26 [Sep-21-2011]
Started database file "../output_example/Hits/OffT_gene.fa"
Formatted 30 sequences in volume 0
SUCCESS: formatted database ../output_example/Hits/OffT_gene.fa

========================[ May 17, 2021  2:37 PM ]========================
Version 2.2.26 [Sep-21-2011]
Started database file "../output_example/Hits/OffT_gene.fa"
Formatted 7 sequences in volume 0
SUCCESS: formatted database ../output_example/Hits/OffT_gene.fa

========================[ May 17, 2021  2:37 PM ]========================
Version 2.2.26 [Sep-21-2011]
Started database file "../output_example/Hits/OffT_gene.fa"
Formatted 8 sequences in volume 0
SUCCESS: formatted database ../output_example/Hits/OffT_gene.fa

========================[ May 17, 2021  2:37 PM ]========================
Version 2.2.26 [Sep-21-2011]
Started database file "../output_example/Hits/OffT_gene.fa"
Formatted 97 sequences in volume 0
SUCCESS: formatted database ../output_example/Hits/OffT_gene.fa

========================[ May 17, 2021  2:37 PM ]========================
Version 2.2.26 [Sep-21-2011]
Started database file "../output_example/Hits/OffT_gene.fa"
Formatted 44 sequences in volume 0
SUCCESS: formatted database ../output_example/Hits/OffT_gene.fa

========================[ May 17, 2021  2:37 PM ]========================
Version 2.2.26 [Sep-21-2011]
Started database file "../output_example/Hits/OffT_gene.fa"
Formatted 92 sequences in volume 0
SUCCESS: formatted database ../output_example/Hits/OffT_gene.fa

========================[ May 17, 2021  2:37 PM ]========================
Version 2.2.26 [Sep-21-2011]
Started database file "../output_example/Hits/OffT_gene.fa"
Formatted 6 sequences in volume 0
SUCCESS: formatted database ../output_example/Hits/OffT_gene.fa

========================[ May 17, 2021  2:37 PM ]========================
Version 2.2.26 [Sep-21-2011]
Started database file "../output_example/Hits/OffT_gene.fa"
Formatted 64 sequences in volume 0
SUCCESS: formatted database ../output_example/Hits/OffT_gene.fa

========================[ May 17, 2021  2:37 PM ]========================
Version 2.2.26 [Sep-21-2011]
Started database file "../output_example/Hits/OffT_gene.fa"
Formatted 31 sequences in volume 0
SUCCESS: formatted database ../output_example/Hits/OffT_gene.fa

========================[ May 17, 2021  2:37 PM ]========================
Version 2.2.26 [Sep-21-2011]
Started database file "../output_example/Hits/OffT_gene.fa"
Formatted 143 sequences in volume 0
SUCCESS: formatted database ../output_example/Hits/OffT_gene.fa

========================[ May 17, 2021  2:37 PM ]========================
Version 2.2.26 [Sep-21-2011]
Started database file "../output_example/Hits/OffT_gene.fa"
Formatted 131 sequences in volume 0
SUCCESS: formatted database ../output_example/Hits/OffT_gene.fa

========================[ May 17, 2021  2:37 PM ]========================
Version 2.2.26 [Sep-21-2011]
Started database file "../output_example/Hits/OffT_gene.fa"
Formatted 163 sequences in volume 0
SUCCESS: formatted database ../output_example/Hits/OffT_gene.fa

========================[ May 17, 2021  2:37 PM ]========================
Version 2.2.26 [Sep-21-2011]
Started database file "../output_example/Hits/OffT_gene.fa"
Formatted 47 sequences in volume 0
SUCCESS: formatted database ../output_example/Hits/OffT_gene.fa

========================[ May 17, 2021  2:37 PM ]========================
Version 2.2.26 [Sep-21-2011]
Started database file "../output_example/Hits/OffT_gene.fa"
Formatted 92 sequences in volume 0
SUCCESS: formatted database ../output_example/Hits/OffT_gene.fa

========================[ May 17, 2021  2:37 PM ]========================
Version 2.2.26 [Sep-21-2011]
Started database file "../output_example/Hits/OffT_gene.fa"
Formatted 189 sequences in volume 0
SUCCESS: formatted database ../output_example/Hits/OffT_gene.fa

========================[ May 17, 2021  2:37 PM ]========================
Version 2.2.26 [Sep-21-2011]
Started database file "../output_example/Hits/OffT_gene.fa"
Formatted 36 sequences in volume 0
SUCCESS: formatted database ../output_example/Hits/OffT_gene.fa

========================[ May 17, 2021  2:37 PM ]========================
Version 2.2.26 [Sep-21-2011]
Started database file "../output_example/Hits/OffT_gene.fa"
Formatted 11 sequences in volume 0
SUCCESS: formatted database ../output_example/Hits/OffT_gene.fa

========================[ May 17, 2021  2:37 PM ]========================
Version 2.2.26 [Sep-21-2011]
Started database file "../output_example/Hits/OffT_gene.fa"
Formatted 25 sequences in volume 0
SUCCESS: formatted database ../output_example/Hits/OffT_gene.fa

========================[ May 17, 2021  2:37 PM ]========================
Version 2.2.26 [Sep-21-2011]
Started database file "../output_example/Hits/OffT_gene.fa"
Formatted 30 sequences in volume 0
SUCCESS: formatted database ../output_example/Hits/OffT_gene.fa

========================[ May 17, 2021  2:37 PM ]========================
Version 2.2.26 [Sep-21-2011]
Started database file "../output_example/Hits/OffT_gene.fa"
Formatted 3 sequences in volume 0
SUCCESS: formatted database ../output_example/Hits/OffT_gene.fa

========================[ May 17, 2021  2:37 PM ]========================
Version 2.2.26 [Sep-21-2011]
Started database file "../output_example/Hits/OffT_gene.fa"
Formatted 210 sequences in volume 0
SUCCESS: formatted database ../output_example/Hits/OffT_gene.fa
